This is pdfTeX, Version 3.14159265-2.6-1.40.15 (TeX Live 2014) (preloaded format=pdflatex 2016.1.7)  29 SEP 2016 23:31
entering extended mode
 restricted \write18 enabled.
 %&-line parsing enabled.
**TCCmain.tex
(./TCCmain.tex
LaTeX2e <2011/06/27>
Babel <3.9k> and hyphenation patterns for 3 languages loaded.
(/usr/share/texlive/texmf-dist/tex/latex/base/report.cls
Document Class: report 2007/10/19 v1.4h Standard LaTeX document class
(/usr/share/texlive/texmf-dist/tex/latex/base/size11.clo
File: size11.clo 2007/10/19 v1.4h Standard LaTeX file (size option)
)
\c@part=\count79
\c@chapter=\count80
\c@section=\count81
\c@subsection=\count82
\c@subsubsection=\count83
\c@paragraph=\count84
\c@subparagraph=\count85
\c@figure=\count86
\c@table=\count87
\abovecaptionskip=\skip41
\belowcaptionskip=\skip42
\bibindent=\dimen102
)
(/usr/share/texlive/texmf-dist/tex/latex/graphics/graphicx.sty
Package: graphicx 1999/02/16 v1.0f Enhanced LaTeX Graphics (DPC,SPQR)

(/usr/share/texlive/texmf-dist/tex/latex/graphics/keyval.sty
Package: keyval 1999/03/16 v1.13 key=value parser (DPC)
\KV@toks@=\toks14
)
(/usr/share/texlive/texmf-dist/tex/latex/graphics/graphics.sty
Package: graphics 2009/02/05 v1.0o Standard LaTeX Graphics (DPC,SPQR)

(/usr/share/texlive/texmf-dist/tex/latex/graphics/trig.sty
Package: trig 1999/03/16 v1.09 sin cos tan (DPC)
)
(/usr/share/texlive/texmf-dist/tex/latex/latexconfig/graphics.cfg
File: graphics.cfg 2010/04/23 v1.9 graphics configuration of TeX Live
)
Package graphics Info: Driver file: pdftex.def on input line 91.

(/usr/share/texlive/texmf-dist/tex/latex/pdftex-def/pdftex.def
File: pdftex.def 2011/05/27 v0.06d Graphics/color for pdfTeX

(/usr/share/texlive/texmf-dist/tex/generic/oberdiek/infwarerr.sty
Package: infwarerr 2010/04/08 v1.3 Providing info/warning/error messages (HO)
)
(/usr/share/texlive/texmf-dist/tex/generic/oberdiek/ltxcmds.sty
Package: ltxcmds 2011/11/09 v1.22 LaTeX kernel commands for general use (HO)
)
\Gread@gobject=\count88
))
\Gin@req@height=\dimen103
\Gin@req@width=\dimen104
)
(/usr/share/texlive/texmf-dist/tex/latex/graphics/color.sty
Package: color 2005/11/14 v1.0j Standard LaTeX Color (DPC)

(/usr/share/texlive/texmf-dist/tex/latex/latexconfig/color.cfg
File: color.cfg 2007/01/18 v1.5 color configuration of teTeX/TeXLive
)
Package color Info: Driver file: pdftex.def on input line 130.
)
(/usr/share/texlive/texmf-dist/tex/generic/babel/babel.sty
Package: babel 2014/03/24 3.9k The Babel package

(/usr/share/texlive/texmf-dist/tex/generic/babel-portuges/portuges.ldf
Language: portuges 2008/03/18 v1.2q Portuguese support from the babel system

(/usr/share/texlive/texmf-dist/tex/generic/babel/babel.def
File: babel.def 2014/03/24 3.9k Babel common definitions
\babel@savecnt=\count89
\U@D=\dimen105
)
\l@brazil = a dialect from \language\l@portuges 
Package babel Info: Making " an active character on input line 145.
))
(/usr/share/texlive/texmf-dist/tex/latex/base/fontenc.sty
Package: fontenc 2005/09/27 v1.99g Standard LaTeX package

(/usr/share/texlive/texmf-dist/tex/latex/base/t1enc.def
File: t1enc.def 2005/09/27 v1.99g Standard LaTeX file
LaTeX Font Info:    Redeclaring font encoding T1 on input line 43.
))
(/usr/share/texlive/texmf-dist/tex/latex/base/inputenc.sty
Package: inputenc 2008/03/30 v1.1d Input encoding file
\inpenc@prehook=\toks15
\inpenc@posthook=\toks16

(/usr/share/texlive/texmf-dist/tex/latex/base/latin1.def
File: latin1.def 2008/03/30 v1.1d Input encoding file
))
(/usr/share/texlive/texmf-dist/tex/latex/tools/indentfirst.sty
Package: indentfirst 1995/11/23 v1.03 Indent first paragraph (DPC)
)
(/usr/share/texlive/texmf-dist/tex/latex/caption/caption.sty
Package: caption 2013/05/02 v3.3-89 Customizing captions (AR)

(/usr/share/texlive/texmf-dist/tex/latex/caption/caption3.sty
Package: caption3 2013/05/02 v1.6-88 caption3 kernel (AR)
Package caption3 Info: TeX engine: e-TeX on input line 57.
\captionmargin=\dimen106
\captionmargin@=\dimen107
\captionwidth=\dimen108
\caption@tempdima=\dimen109
\caption@indent=\dimen110
\caption@parindent=\dimen111
\caption@hangindent=\dimen112
)
\c@ContinuedFloat=\count90
)
(/usr/share/texlive/texmf-dist/tex/latex/caption/subcaption.sty
Package: subcaption 2013/02/03 v1.1-62 Sub-captions (AR)
\c@subfigure=\count91
\c@subtable=\count92
)
(/usr/share/texlive/texmf-dist/tex/latex/cleveref/cleveref.sty
Package: cleveref 2013/12/28 v0.19 Intelligent cross-referencing
)
(/usr/share/texlive/texmf-dist/tex/latex/adjustbox/adjustbox.sty
Package: adjustbox 2012/05/21 v1.0 Adjusting TeX boxes (trim, clip, ...)

(/usr/share/texlive/texmf-dist/tex/latex/xkeyval/xkeyval.sty
Package: xkeyval 2012/10/14 v2.6b package option processing (HA)

(/usr/share/texlive/texmf-dist/tex/generic/xkeyval/xkeyval.tex
\XKV@toks=\toks17
\XKV@tempa@toks=\toks18
\XKV@depth=\count93
File: xkeyval.tex 2012/10/14 v2.6b key=value parser (HA)
))
(/usr/share/texlive/texmf-dist/tex/latex/adjustbox/adjcalc.sty
Package: adjcalc 2012/05/16 v1.1 Provides advanced setlength with multiple back
-ends (calc, etex, pgfmath)
)
(/usr/share/texlive/texmf-dist/tex/latex/adjustbox/trimclip.sty
Package: trimclip 2012/05/16 v1.0 Trim and clip general TeX material

(/usr/share/texlive/texmf-dist/tex/latex/collectbox/collectbox.sty
Package: collectbox 2012/05/17 v0.4b Collect macro arguments as boxes
\collectedbox=\box26
)
\tc@llx=\dimen113
\tc@lly=\dimen114
\tc@urx=\dimen115
\tc@ury=\dimen116
Package trimclip Info: Using driver 'tc-pdftex.def'.

(/usr/share/texlive/texmf-dist/tex/latex/adjustbox/tc-pdftex.def
File: tc-pdftex.def 2012/05/13 v1.0 Clipping driver for pdftex
))
\adjbox@Width=\dimen117
\adjbox@Height=\dimen118
\adjbox@Depth=\dimen119
\adjbox@Totalheight=\dimen120

(/usr/share/texlive/texmf-dist/tex/latex/ifoddpage/ifoddpage.sty
Package: ifoddpage 2011/09/13 v1.0 Conditionals for odd/even page detection
\c@checkoddpage=\count94
)
(/usr/share/texlive/texmf-dist/tex/latex/varwidth/varwidth.sty
Package: varwidth 2009/03/30 ver 0.92;  Variable-width minipages
\@vwid@box=\box27
\sift@deathcycles=\count95
\@vwid@loff=\dimen121
\@vwid@roff=\dimen122
))
(/usr/share/texlive/texmf-dist/tex/latex/amscls/amsthm.sty
Package: amsthm 2004/08/06 v2.20
\thm@style=\toks19
\thm@bodyfont=\toks20
\thm@headfont=\toks21
\thm@notefont=\toks22
\thm@headpunct=\toks23
\thm@preskip=\skip43
\thm@postskip=\skip44
\thm@headsep=\skip45
\dth@everypar=\toks24
)
(/usr/share/texlive/texmf-dist/tex/latex/amsfonts/amsfonts.sty
Package: amsfonts 2013/01/14 v3.01 Basic AMSFonts support
\@emptytoks=\toks25
\symAMSa=\mathgroup4
\symAMSb=\mathgroup5
LaTeX Font Info:    Overwriting math alphabet `\mathfrak' in version `bold'
(Font)                  U/euf/m/n --> U/euf/b/n on input line 106.
)
(/usr/share/texlive/texmf-dist/tex/latex/amsmath/amsmath.sty
Package: amsmath 2013/01/14 v2.14 AMS math features
\@mathmargin=\skip46

For additional information on amsmath, use the `?' option.
(/usr/share/texlive/texmf-dist/tex/latex/amsmath/amstext.sty
Package: amstext 2000/06/29 v2.01

(/usr/share/texlive/texmf-dist/tex/latex/amsmath/amsgen.sty
File: amsgen.sty 1999/11/30 v2.0
\@emptytoks=\toks26
\ex@=\dimen123
))
(/usr/share/texlive/texmf-dist/tex/latex/amsmath/amsbsy.sty
Package: amsbsy 1999/11/29 v1.2d
\pmbraise@=\dimen124
)
(/usr/share/texlive/texmf-dist/tex/latex/amsmath/amsopn.sty
Package: amsopn 1999/12/14 v2.01 operator names
)
\inf@bad=\count96
LaTeX Info: Redefining \frac on input line 210.
\uproot@=\count97
\leftroot@=\count98
LaTeX Info: Redefining \overline on input line 306.
\classnum@=\count99
\DOTSCASE@=\count100
LaTeX Info: Redefining \ldots on input line 378.
LaTeX Info: Redefining \dots on input line 381.
LaTeX Info: Redefining \cdots on input line 466.
\Mathstrutbox@=\box28
\strutbox@=\box29
\big@size=\dimen125
LaTeX Font Info:    Redeclaring font encoding OML on input line 566.
LaTeX Font Info:    Redeclaring font encoding OMS on input line 567.
\macc@depth=\count101
\c@MaxMatrixCols=\count102
\dotsspace@=\muskip10
\c@parentequation=\count103
\dspbrk@lvl=\count104
\tag@help=\toks27
\row@=\count105
\column@=\count106
\maxfields@=\count107
\andhelp@=\toks28
\eqnshift@=\dimen126
\alignsep@=\dimen127
\tagshift@=\dimen128
\tagwidth@=\dimen129
\totwidth@=\dimen130
\lineht@=\dimen131
\@envbody=\toks29
\multlinegap=\skip47
\multlinetaggap=\skip48
\mathdisplay@stack=\toks30
LaTeX Info: Redefining \[ on input line 2665.
LaTeX Info: Redefining \] on input line 2666.
)
(/usr/share/texlive/texmf-dist/tex/latex/amsfonts/amssymb.sty
Package: amssymb 2013/01/14 v3.01 AMS font symbols
)
(/usr/share/texlive/texmf-dist/tex/latex/pslatex/pslatex.sty
Package: pslatex 1996/07/24 v1.2 pslatex emulation (DPC)
LaTeX Font Info:    Redeclaring symbol font `operators' on input line 65.
LaTeX Font Info:    Overwriting symbol font `operators' in version `normal'
(Font)                  OT1/cmr/m/n --> OT1/ptmcm/m/n on input line 65.
LaTeX Font Info:    Overwriting symbol font `operators' in version `bold'
(Font)                  OT1/cmr/bx/n --> OT1/ptmcm/m/n on input line 65.
LaTeX Font Info:    Redeclaring symbol font `letters' on input line 66.
LaTeX Font Info:    Overwriting symbol font `letters' in version `normal'
(Font)                  OML/cmm/m/it --> OML/ptmcm/m/it on input line 66.
LaTeX Font Info:    Overwriting symbol font `letters' in version `bold'
(Font)                  OML/cmm/b/it --> OML/ptmcm/m/it on input line 66.
LaTeX Font Info:    Redeclaring symbol font `symbols' on input line 67.
LaTeX Font Info:    Overwriting symbol font `symbols' in version `normal'
(Font)                  OMS/cmsy/m/n --> OMS/pzccm/m/n on input line 67.
LaTeX Font Info:    Overwriting symbol font `symbols' in version `bold'
(Font)                  OMS/cmsy/b/n --> OMS/pzccm/m/n on input line 67.
LaTeX Font Info:    Redeclaring symbol font `largesymbols' on input line 68.
LaTeX Font Info:    Overwriting symbol font `largesymbols' in version `normal'
(Font)                  OMX/cmex/m/n --> OMX/psycm/m/n on input line 68.
LaTeX Font Info:    Overwriting symbol font `largesymbols' in version `bold'
(Font)                  OMX/cmex/m/n --> OMX/psycm/m/n on input line 68.
\symbold=\mathgroup6
\symitalic=\mathgroup7
LaTeX Font Info:    Redeclaring math alphabet \mathbf on input line 74.
LaTeX Font Info:    Overwriting math alphabet `\mathbf' in version `normal'
(Font)                  OT1/cmr/bx/n --> OT1/ptm/bx/n on input line 74.
LaTeX Font Info:    Overwriting math alphabet `\mathbf' in version `bold'
(Font)                  OT1/cmr/bx/n --> OT1/ptm/bx/n on input line 74.
LaTeX Font Info:    Redeclaring math alphabet \mathit on input line 75.
LaTeX Font Info:    Overwriting math alphabet `\mathit' in version `normal'
(Font)                  OT1/cmr/m/it --> OT1/ptm/m/it on input line 75.
LaTeX Font Info:    Overwriting math alphabet `\mathit' in version `bold'
(Font)                  OT1/cmr/bx/it --> OT1/ptm/m/it on input line 75.
)
(/usr/share/texlive/texmf-dist/tex/latex/pstricks/pstricks.sty
Package: pstricks 2013/12/12 v0.60 LaTeX wrapper for `PSTricks' (RN,HV)

(/usr/share/texlive/texmf-dist/tex/generic/oberdiek/ifpdf.sty
Package: ifpdf 2011/01/30 v2.3 Provides the ifpdf switch (HO)
Package ifpdf Info: pdfTeX in PDF mode is detected.
)
(/usr/share/texlive/texmf-dist/tex/generic/pstricks/pstricks.tex
(/usr/share/texlive/texmf-dist/tex/generic/xkeyval/pst-xkey.tex
File: pst-xkey.tex 2005/11/25 v1.6 PSTricks specialization of xkeyval (HA)
)
(/usr/share/texlive/texmf-dist/tex/generic/pstricks/pst-fp.tex
`pst-fp' v0.05, 2010/01/17 (hv)
\pstFP@xs=\count108
\pstFP@xia=\count109
\pstFP@xib=\count110
\pstFP@xfa=\count111
\pstFP@xfb=\count112
\pstFP@rega=\count113
\pstFP@regb=\count114
\pstFP@regs=\count115
\pstFP@times=\count116
)
(/usr/share/texlive/texmf-dist/tex/generic/pgf/utilities/pgfutil-common.tex
\pgfutil@everybye=\toks31
\pgfutil@tempdima=\dimen132
\pgfutil@tempdimb=\dimen133

(/usr/share/texlive/texmf-dist/tex/generic/pgf/utilities/pgfutil-common-lists.t
ex)) (/usr/share/texlive/texmf-dist/tex/generic/pgf/utilities/pgfkeys.code.tex
\pgfkeys@pathtoks=\toks32
\pgfkeys@temptoks=\toks33

(/usr/share/texlive/texmf-dist/tex/generic/pgf/utilities/pgfkeysfiltered.code.t
ex
\pgfkeys@tmptoks=\toks34
)) (/usr/share/texlive/texmf-dist/tex/generic/pgf/utilities/pgffor.code.tex
(/usr/share/texlive/texmf-dist/tex/generic/pgf/math/pgfmath.code.tex
(/usr/share/texlive/texmf-dist/tex/generic/pgf/math/pgfmathcalc.code.tex
(/usr/share/texlive/texmf-dist/tex/generic/pgf/math/pgfmathutil.code.tex
\pgf@x=\dimen134
\pgf@xa=\dimen135
\pgf@xb=\dimen136
\pgf@xc=\dimen137
\pgf@y=\dimen138
\pgf@ya=\dimen139
\pgf@yb=\dimen140
\pgf@yc=\dimen141
\c@pgf@counta=\count117
\c@pgf@countb=\count118
\c@pgf@countc=\count119
\c@pgf@countd=\count120
\pgfutil@tempcnta=\count121
\pgfutil@tempcntb=\count122
)
(/usr/share/texlive/texmf-dist/tex/generic/pgf/math/pgfmathparser.code.tex
\pgfmath@dimen=\dimen142
\pgfmath@count=\count123
\pgfmath@box=\box30
\pgfmath@toks=\toks35
\pgfmath@stack@operand=\toks36
\pgfmath@stack@operation=\toks37
)
(/usr/share/texlive/texmf-dist/tex/generic/pgf/math/pgfmathfunctions.code.tex
(/usr/share/texlive/texmf-dist/tex/generic/pgf/math/pgfmathfunctions.basic.code
.tex)
(/usr/share/texlive/texmf-dist/tex/generic/pgf/math/pgfmathfunctions.trigonomet
ric.code.tex)
(/usr/share/texlive/texmf-dist/tex/generic/pgf/math/pgfmathfunctions.random.cod
e.tex)
(/usr/share/texlive/texmf-dist/tex/generic/pgf/math/pgfmathfunctions.comparison
.code.tex)
(/usr/share/texlive/texmf-dist/tex/generic/pgf/math/pgfmathfunctions.base.code.
tex)
(/usr/share/texlive/texmf-dist/tex/generic/pgf/math/pgfmathfunctions.round.code
.tex)
(/usr/share/texlive/texmf-dist/tex/generic/pgf/math/pgfmathfunctions.misc.code.
tex)
(/usr/share/texlive/texmf-dist/tex/generic/pgf/math/pgfmathfunctions.integerari
thmetics.code.tex)))
(/usr/share/texlive/texmf-dist/tex/generic/pgf/math/pgfmathfloat.code.tex
\c@pgfmathroundto@lastzeros=\count124
))
\pgffor@iter=\dimen143
\pgffor@skip=\dimen144
\pgffor@stack=\toks38
\pgffor@toks=\toks39
)
\psLoopIndex=\count125

`PSTricks' v2.53a  <2014/03/30> (tvz)
\pst@dima=\dimen145
\pst@dimb=\dimen146
\pst@dimc=\dimen147
\pst@dimd=\dimen148
\pst@dimg=\dimen149
\pst@dimh=\dimen150
\pst@dimm=\dimen151
\pst@dimn=\dimen152
\pst@dimo=\dimen153
\pst@dimp=\dimen154
\pst@hbox=\box31
\pst@ibox=\box32
\pst@boxg=\box33
\pst@cnta=\count126
\pst@cntb=\count127
\pst@cntc=\count128
\pst@cntd=\count129
\pst@cntg=\count130
\pst@cnth=\count131
\pst@cntm=\count132
\pst@cntn=\count133
\pst@cnto=\count134
\pst@cntp=\count135
\@zero=\count136
\pst@toks=\toks40
(/usr/share/texlive/texmf-dist/tex/generic/pstricks/pstricks.con)
\psunit=\dimen155
\psxunit=\dimen156
\psyunit=\dimen157
\pst@C@@rType=\count137
\pslinewidth=\dimen158
\psk@startLW=\dimen159
\psk@endLW=\dimen160
\pst@customdefs=\toks41
\pslinearc=\dimen161
\pst@symbolStep=\dimen162
\pst@symbolWidth=\dimen163
\pst@symbolLinewidth=\dimen164
\everypsbox=\toks42
\psframesep=\dimen165
\pslabelsep=\dimen166
\sh@wgridXunit=\dimen167
\sh@wgridYunit=\dimen168
\pst@shift=\dimen169
)
File: pstricks.tex 2014/03/30 v2.53a `PSTricks' (tvz,hv)

(/usr/share/texlive/texmf-dist/tex/generic/pstricks/pst-fp.tex)
File: pst-fp.tex 2014/03/30 v2.53a `PST-fp' (hv)

(/usr/share/texlive/texmf-dist/tex/latex/xcolor/xcolor.sty
Package: xcolor 2007/01/21 v2.11 LaTeX color extensions (UK)

(/usr/share/texlive/texmf-dist/tex/latex/latexconfig/color.cfg
File: color.cfg 2007/01/18 v1.5 color configuration of teTeX/TeXLive
)
Package xcolor Info: Driver file: pdftex.def on input line 225.
LaTeX Info: Redefining \color on input line 702.
Package xcolor Info: Model `cmy' substituted by `cmy0' on input line 1337.
Package xcolor Info: Model `hsb' substituted by `rgb' on input line 1341.
Package xcolor Info: Model `RGB' extended on input line 1353.
Package xcolor Info: Model `HTML' substituted by `rgb' on input line 1355.
Package xcolor Info: Model `Hsb' substituted by `hsb' on input line 1356.
Package xcolor Info: Model `tHsb' substituted by `hsb' on input line 1357.
Package xcolor Info: Model `HSB' substituted by `hsb' on input line 1358.
Package xcolor Info: Model `Gray' substituted by `gray' on input line 1359.
Package xcolor Info: Model `wave' substituted by `hsb' on input line 1360.
))
(/usr/share/texlive/texmf-dist/tex/latex/pst-node/pst-node.sty
Package: pst-node 2012/09/18 v1.01 LaTeX wrapper for `pst-node' (HV)
Package: pst-node 2010/04/22 package wrapper for pst-node.tex

(/usr/share/texlive/texmf-dist/tex/generic/pst-node/pst-node.tex
 v1.33, 2014/03/25
\psrow=\count138
\pscol=\count139
\psmatrixcnt=\count140
\psrowsep=\skip49
\pscolsep=\skip50
\pst@args=\count141
\num@pts=\count142
\pst@argcnt=\count143
)
File: pst-node.tex 2014/03/25 1.33 `pst-node' (tvz,hv)
) (./pst-gantt.sty
Package: pst-gantt 2011/03/20 Some macros for drawing gantt diagrams using tkiz
 v.1.3

(/usr/share/texlive/texmf-dist/tex/latex/pgf/frontendlayer/tikz.sty
(/usr/share/texlive/texmf-dist/tex/latex/pgf/basiclayer/pgf.sty
(/usr/share/texlive/texmf-dist/tex/latex/pgf/utilities/pgfrcs.sty
(/usr/share/texlive/texmf-dist/tex/generic/pgf/utilities/pgfutil-common.tex
\pgfutil@everybye=\toks43
\pgfutil@tempdima=\dimen170
\pgfutil@tempdimb=\dimen171

(/usr/share/texlive/texmf-dist/tex/generic/pgf/utilities/pgfutil-common-lists.t
ex)) (/usr/share/texlive/texmf-dist/tex/generic/pgf/utilities/pgfutil-latex.def
\pgfutil@abb=\box34
(/usr/share/texlive/texmf-dist/tex/latex/ms/everyshi.sty
Package: everyshi 2001/05/15 v3.00 EveryShipout Package (MS)
))
(/usr/share/texlive/texmf-dist/tex/generic/pgf/utilities/pgfrcs.code.tex
Package: pgfrcs 2013/12/20 v3.0.0 (rcs-revision 1.28)
))
Package: pgf 2013/12/18 v3.0.0 (rcs-revision 1.14)

(/usr/share/texlive/texmf-dist/tex/latex/pgf/basiclayer/pgfcore.sty
(/usr/share/texlive/texmf-dist/tex/latex/pgf/systemlayer/pgfsys.sty
(/usr/share/texlive/texmf-dist/tex/generic/pgf/systemlayer/pgfsys.code.tex
Package: pgfsys 2013/11/30 v3.0.0 (rcs-revision 1.47)

(/usr/share/texlive/texmf-dist/tex/generic/pgf/utilities/pgfkeys.code.tex)
\pgf@x=\dimen172
\pgf@y=\dimen173
\pgf@xa=\dimen174
\pgf@ya=\dimen175
\pgf@xb=\dimen176
\pgf@yb=\dimen177
\pgf@xc=\dimen178
\pgf@yc=\dimen179
\w@pgf@writea=\write3
\r@pgf@reada=\read1
\c@pgf@counta=\count144
\c@pgf@countb=\count145
\c@pgf@countc=\count146
\c@pgf@countd=\count147
\t@pgf@toka=\toks44
\t@pgf@tokb=\toks45
\t@pgf@tokc=\toks46

(/usr/share/texlive/texmf-dist/tex/generic/pgf/systemlayer/pgf.cfg
File: pgf.cfg 2008/05/14  (rcs-revision 1.7)
)
Driver file for pgf: pgfsys-pdftex.def

(/usr/share/texlive/texmf-dist/tex/generic/pgf/systemlayer/pgfsys-pdftex.def
File: pgfsys-pdftex.def 2013/07/18  (rcs-revision 1.33)

(/usr/share/texlive/texmf-dist/tex/generic/pgf/systemlayer/pgfsys-common-pdf.de
f
File: pgfsys-common-pdf.def 2013/10/10  (rcs-revision 1.13)
)))
(/usr/share/texlive/texmf-dist/tex/generic/pgf/systemlayer/pgfsyssoftpath.code.
tex
File: pgfsyssoftpath.code.tex 2013/09/09  (rcs-revision 1.9)
\pgfsyssoftpath@smallbuffer@items=\count148
\pgfsyssoftpath@bigbuffer@items=\count149
)
(/usr/share/texlive/texmf-dist/tex/generic/pgf/systemlayer/pgfsysprotocol.code.
tex
File: pgfsysprotocol.code.tex 2006/10/16  (rcs-revision 1.4)
))
(/usr/share/texlive/texmf-dist/tex/generic/pgf/basiclayer/pgfcore.code.tex
Package: pgfcore 2010/04/11 v3.0.0 (rcs-revision 1.7)

(/usr/share/texlive/texmf-dist/tex/generic/pgf/math/pgfmath.code.tex)
(/usr/share/texlive/texmf-dist/tex/generic/pgf/basiclayer/pgfcorepoints.code.te
x
File: pgfcorepoints.code.tex 2013/10/07  (rcs-revision 1.27)
\pgf@picminx=\dimen180
\pgf@picmaxx=\dimen181
\pgf@picminy=\dimen182
\pgf@picmaxy=\dimen183
\pgf@pathminx=\dimen184
\pgf@pathmaxx=\dimen185
\pgf@pathminy=\dimen186
\pgf@pathmaxy=\dimen187
\pgf@xx=\dimen188
\pgf@xy=\dimen189
\pgf@yx=\dimen190
\pgf@yy=\dimen191
\pgf@zx=\dimen192
\pgf@zy=\dimen193
)
(/usr/share/texlive/texmf-dist/tex/generic/pgf/basiclayer/pgfcorepathconstruct.
code.tex
File: pgfcorepathconstruct.code.tex 2013/10/07  (rcs-revision 1.29)
\pgf@path@lastx=\dimen194
\pgf@path@lasty=\dimen195
)
(/usr/share/texlive/texmf-dist/tex/generic/pgf/basiclayer/pgfcorepathusage.code
.tex
File: pgfcorepathusage.code.tex 2013/12/13  (rcs-revision 1.23)
\pgf@shorten@end@additional=\dimen196
\pgf@shorten@start@additional=\dimen197
)
(/usr/share/texlive/texmf-dist/tex/generic/pgf/basiclayer/pgfcorescopes.code.te
x
File: pgfcorescopes.code.tex 2013/10/09  (rcs-revision 1.44)
\pgfpic=\box35
\pgf@hbox=\box36
\pgf@layerbox@main=\box37
\pgf@picture@serial@count=\count150
)
(/usr/share/texlive/texmf-dist/tex/generic/pgf/basiclayer/pgfcoregraphicstate.c
ode.tex
File: pgfcoregraphicstate.code.tex 2013/09/19  (rcs-revision 1.11)
\pgflinewidth=\dimen198
)
(/usr/share/texlive/texmf-dist/tex/generic/pgf/basiclayer/pgfcoretransformation
s.code.tex
File: pgfcoretransformations.code.tex 2013/10/10  (rcs-revision 1.17)
\pgf@pt@x=\dimen199
\pgf@pt@y=\dimen200
\pgf@pt@temp=\dimen201
)
(/usr/share/texlive/texmf-dist/tex/generic/pgf/basiclayer/pgfcorequick.code.tex
File: pgfcorequick.code.tex 2008/10/09  (rcs-revision 1.3)
)
(/usr/share/texlive/texmf-dist/tex/generic/pgf/basiclayer/pgfcoreobjects.code.t
ex
File: pgfcoreobjects.code.tex 2006/10/11  (rcs-revision 1.2)
)
(/usr/share/texlive/texmf-dist/tex/generic/pgf/basiclayer/pgfcorepathprocessing
.code.tex
File: pgfcorepathprocessing.code.tex 2013/09/09  (rcs-revision 1.9)
)
(/usr/share/texlive/texmf-dist/tex/generic/pgf/basiclayer/pgfcorearrows.code.te
x
File: pgfcorearrows.code.tex 2013/11/07  (rcs-revision 1.40)
\pgfarrowsep=\dimen202
)
(/usr/share/texlive/texmf-dist/tex/generic/pgf/basiclayer/pgfcoreshade.code.tex
File: pgfcoreshade.code.tex 2013/07/15  (rcs-revision 1.15)
\pgf@max=\dimen203
\pgf@sys@shading@range@num=\count151
)
(/usr/share/texlive/texmf-dist/tex/generic/pgf/basiclayer/pgfcoreimage.code.tex
File: pgfcoreimage.code.tex 2013/07/15  (rcs-revision 1.18)

(/usr/share/texlive/texmf-dist/tex/generic/pgf/basiclayer/pgfcoreexternal.code.
tex
File: pgfcoreexternal.code.tex 2013/07/15  (rcs-revision 1.20)
\pgfexternal@startupbox=\box38
))
(/usr/share/texlive/texmf-dist/tex/generic/pgf/basiclayer/pgfcorelayers.code.te
x
File: pgfcorelayers.code.tex 2013/07/18  (rcs-revision 1.7)
)
(/usr/share/texlive/texmf-dist/tex/generic/pgf/basiclayer/pgfcoretransparency.c
ode.tex
File: pgfcoretransparency.code.tex 2013/09/30  (rcs-revision 1.5)
)
(/usr/share/texlive/texmf-dist/tex/generic/pgf/basiclayer/pgfcorepatterns.code.
tex
File: pgfcorepatterns.code.tex 2013/11/07  (rcs-revision 1.5)
)))
(/usr/share/texlive/texmf-dist/tex/generic/pgf/modules/pgfmoduleshapes.code.tex
File: pgfmoduleshapes.code.tex 2013/10/31  (rcs-revision 1.34)
\pgfnodeparttextbox=\box39
) (/usr/share/texlive/texmf-dist/tex/generic/pgf/modules/pgfmoduleplot.code.tex
File: pgfmoduleplot.code.tex 2013/07/31  (rcs-revision 1.12)
)
(/usr/share/texlive/texmf-dist/tex/latex/pgf/compatibility/pgfcomp-version-0-65
.sty
Package: pgfcomp-version-0-65 2007/07/03 v3.0.0 (rcs-revision 1.7)
\pgf@nodesepstart=\dimen204
\pgf@nodesepend=\dimen205
)
(/usr/share/texlive/texmf-dist/tex/latex/pgf/compatibility/pgfcomp-version-1-18
.sty
Package: pgfcomp-version-1-18 2007/07/23 v3.0.0 (rcs-revision 1.1)
)) (/usr/share/texlive/texmf-dist/tex/latex/pgf/utilities/pgffor.sty
(/usr/share/texlive/texmf-dist/tex/latex/pgf/utilities/pgfkeys.sty
(/usr/share/texlive/texmf-dist/tex/generic/pgf/utilities/pgfkeys.code.tex))
(/usr/share/texlive/texmf-dist/tex/latex/pgf/math/pgfmath.sty
(/usr/share/texlive/texmf-dist/tex/generic/pgf/math/pgfmath.code.tex))
(/usr/share/texlive/texmf-dist/tex/generic/pgf/utilities/pgffor.code.tex
Package: pgffor 2013/12/13 v3.0.0 (rcs-revision 1.25)

(/usr/share/texlive/texmf-dist/tex/generic/pgf/math/pgfmath.code.tex)
\pgffor@iter=\dimen206
\pgffor@skip=\dimen207
\pgffor@stack=\toks47
\pgffor@toks=\toks48
))
(/usr/share/texlive/texmf-dist/tex/generic/pgf/frontendlayer/tikz/tikz.code.tex
Package: tikz 2013/12/13 v3.0.0 (rcs-revision 1.142)

(/usr/share/texlive/texmf-dist/tex/generic/pgf/libraries/pgflibraryplothandlers
.code.tex
File: pgflibraryplothandlers.code.tex 2013/08/31 v3.0.0 (rcs-revision 1.20)
\pgf@plot@mark@count=\count152
\pgfplotmarksize=\dimen208
)
\tikz@lastx=\dimen209
\tikz@lasty=\dimen210
\tikz@lastxsaved=\dimen211
\tikz@lastysaved=\dimen212
\tikzleveldistance=\dimen213
\tikzsiblingdistance=\dimen214
\tikz@figbox=\box40
\tikz@figbox@bg=\box41
\tikz@tempbox=\box42
\tikz@tempbox@bg=\box43
\tikztreelevel=\count153
\tikznumberofchildren=\count154
\tikznumberofcurrentchild=\count155
\tikz@fig@count=\count156

(/usr/share/texlive/texmf-dist/tex/generic/pgf/modules/pgfmodulematrix.code.tex
File: pgfmodulematrix.code.tex 2013/09/17  (rcs-revision 1.8)
\pgfmatrixcurrentrow=\count157
\pgfmatrixcurrentcolumn=\count158
\pgf@matrix@numberofcolumns=\count159
)
\tikz@expandcount=\count160

(/usr/share/texlive/texmf-dist/tex/generic/pgf/frontendlayer/tikz/libraries/tik
zlibrarytopaths.code.tex
File: tikzlibrarytopaths.code.tex 2008/06/17 v3.0.0 (rcs-revision 1.2)
)))
(/usr/share/texlive/texmf-dist/tex/latex/base/ifthen.sty
Package: ifthen 2001/05/26 v1.1c Standard LaTeX ifthen package (DPC)
)
(/usr/share/texlive/texmf-dist/tex/latex/tools/calc.sty
Package: calc 2007/08/22 v4.3 Infix arithmetic (KKT,FJ)
\calc@Acount=\count161
\calc@Bcount=\count162
\calc@Adimen=\dimen215
\calc@Bdimen=\dimen216
\calc@Askip=\skip51
\calc@Bskip=\skip52
LaTeX Info: Redefining \setlength on input line 76.
LaTeX Info: Redefining \addtolength on input line 77.
\calc@Ccount=\count163
\calc@Cskip=\skip53
) (./forloop.sty
Package: forloop 2006/09/18 v3.0 For Loops for LaTeX
)
(/usr/share/texlive/texmf-dist/tex/generic/pgf/frontendlayer/tikz/libraries/tik
zlibrarypatterns.code.tex
File: tikzlibrarypatterns.code.tex 2008/01/15 v3.0.0 (rcs-revision 1.2)

(/usr/share/texlive/texmf-dist/tex/generic/pgf/libraries/pgflibrarypatterns.cod
e.tex
File: pgflibrarypatterns.code.tex 2008/03/03 v3.0.0 (rcs-revision 1.13)
))
(/usr/share/texlive/texmf-dist/tex/generic/pgf/frontendlayer/tikz/libraries/tik
zlibraryarrows.code.tex
File: tikzlibraryarrows.code.tex 2008/01/09 v3.0.0 (rcs-revision 1.1)

(/usr/share/texlive/texmf-dist/tex/generic/pgf/libraries/pgflibraryarrows.code.
tex
File: pgflibraryarrows.code.tex 2013/09/23 v3.0.0 (rcs-revision 1.16)
\arrowsize=\dimen217
))
\c@ganttnum=\count164
\c@ganttwidth=\count165
\ganttlastx=\skip54
\nextganttlastx=\skip55
\gantttmpa=\skip56
\gantttmpb=\skip57
\ganttunitlength=\skip58
\titleunitlength=\skip59
\c@gantttitlenum=\count166
\pgf@layerbox@background=\box44
\pgf@layerboxsaved@background=\box45
\pgf@layerbox@foreground=\box46
\pgf@layerboxsaved@foreground=\box47
) (/usr/share/texlive/texmf-dist/tex/latex/pst-coil/pst-coil.sty
Package: pst-coil 2010/02/01 package wrapper for pst-coil.tex (hv)

(/usr/share/texlive/texmf-dist/tex/generic/pst-coil/pst-coil.tex
 v1.33, 2014/03/25
(/usr/share/texlive/texmf-dist/tex/generic/pst-node/pst-node.tex))
File: pst-coil.tex 2011/09/17 v1.06 `PST-coil' (tvz,hv)
)
(/usr/share/texlive/texmf-dist/tex/latex/carlisle/scalefnt.sty)
(/usr/share/texlive/texmf-dist/tex/latex/float/float.sty
Package: float 2001/11/08 v1.3d Float enhancements (AL)
\c@float@type=\count167
\float@exts=\toks49
\float@box=\box48
\@float@everytoks=\toks50
\@floatcapt=\box49
)
(/usr/share/texlive/texmf-dist/tex/latex/url/url.sty
\Urlmuskip=\muskip11
Package: url 2013/09/16  ver 3.4  Verb mode for urls, etc.
)
(/usr/share/texlive/texmf-dist/tex/latex/pdfpages/pdfpages.sty
Package: pdfpages 2013/08/25 v0.4v Insert pages of external PDF documents (AM)

(/usr/share/texlive/texmf-dist/tex/latex/eso-pic/eso-pic.sty
Package: eso-pic 2013/10/06 v2.0d eso-pic (RN)

(/usr/share/texlive/texmf-dist/tex/generic/oberdiek/atbegshi.sty
Package: atbegshi 2011/10/05 v1.16 At begin shipout hook (HO)
))
(/usr/share/texlive/texmf-dist/tex/latex/pdfpages/pppdftex.def
File: pppdftex.def 2013/08/25 v0.4v Pdfpages driver for pdfTeX (AM)
)
\AM@pagebox=\box50
\AM@toc@title=\toks51
\c@AM@survey=\count168
\AM@templatesizebox=\box51
)
(/usr/share/texlive/texmf-dist/tex/latex/eurosym/eurosym.sty
Package: eurosym 1998/08/06 v1.1 European currency symbol ``Euro''
\@eurobox=\box52
)
(/usr/share/texlive/texmf-dist/tex/latex/listings/listings.sty
\lst@mode=\count169
\lst@gtempboxa=\box53
\lst@token=\toks52
\lst@length=\count170
\lst@currlwidth=\dimen218
\lst@column=\count171
\lst@pos=\count172
\lst@lostspace=\dimen219
\lst@width=\dimen220
\lst@newlines=\count173
\lst@lineno=\count174
\lst@maxwidth=\dimen221

(/usr/share/texlive/texmf-dist/tex/latex/listings/lstmisc.sty
File: lstmisc.sty 2014/03/04 1.5c (Carsten Heinz)
\c@lstnumber=\count175
\lst@skipnumbers=\count176
\lst@framebox=\box54
)
(/usr/share/texlive/texmf-dist/tex/latex/listings/listings.cfg
File: listings.cfg 2014/03/04 1.5c listings configuration
))
Package: listings 2014/03/04 1.5c (Carsten Heinz)
 (./comment.sty) (/usr/share/texlive/texmf-dist/tex/latex/geometry/geometry.sty
Package: geometry 2010/09/12 v5.6 Page Geometry

(/usr/share/texlive/texmf-dist/tex/generic/oberdiek/ifvtex.sty
Package: ifvtex 2010/03/01 v1.5 Detect VTeX and its facilities (HO)
Package ifvtex Info: VTeX not detected.
)
(/usr/share/texlive/texmf-dist/tex/generic/ifxetex/ifxetex.sty
Package: ifxetex 2010/09/12 v0.6 Provides ifxetex conditional
)
\Gm@cnth=\count177
\Gm@cntv=\count178
\c@Gm@tempcnt=\count179
\Gm@bindingoffset=\dimen222
\Gm@wd@mp=\dimen223
\Gm@odd@mp=\dimen224
\Gm@even@mp=\dimen225
\Gm@layoutwidth=\dimen226
\Gm@layoutheight=\dimen227
\Gm@layouthoffset=\dimen228
\Gm@layoutvoffset=\dimen229
\Gm@dimlist=\toks53
)
(/usr/share/texlive/texmf-dist/tex/latex/fancyhdr/fancyhdr.sty
\fancy@headwidth=\skip60
\f@ncyO@elh=\skip61
\f@ncyO@erh=\skip62
\f@ncyO@olh=\skip63
\f@ncyO@orh=\skip64
\f@ncyO@elf=\skip65
\f@ncyO@erf=\skip66
\f@ncyO@olf=\skip67
\f@ncyO@orf=\skip68
) (./appendix.sty
Package: appendix 2002/08/06 v1.2 extra appendix facilities
\c@@pps=\count180
\c@@ppsavesec=\count181
\c@@ppsaveapp=\count182
) (/usr/share/texlive/texmf-dist/tex/latex/rotating/rotating.sty
Package: rotating 2009/03/28 v2.16a rotated objects in LaTeX
\c@r@tfl@t=\count183
\rotFPtop=\skip69
\rotFPbot=\skip70
\rot@float@box=\box55
\rot@mess@toks=\toks54
)
(/usr/share/texlive/texmf-dist/tex/latex/psnfss/helvet.sty
Package: helvet 2005/04/12 PSNFSS-v9.2a (WaS) 
)
(/usr/share/texlive/texmf-dist/tex/latex/etex-pkg/etex.sty
Package: etex 1998/03/26 v2.0 eTeX basic definition package (PEB)
\et@xins=\count184
) (./bytefield.sty
Package: bytefield 2011/06/19 v2.1 Network protocol diagrams
\bytefield@height=\skip71
\bytefield@height@increment=\skip72
\entire@bytefield@picture=\box56
\bf@bitwidth=\skip73
\bf@bitheight=\skip74
\units@wide=\skip75
\units@tall=\skip76
\units@high=\skip77
\header@xpos=\skip78
\c@header@val=\count185
\c@max@header@val=\count186
\curly@box=\box57
\wordlabelr@start=\skip79
\wordlabelr@end=\skip80
\wordlabell@start=\skip81
\wordlabell@end=\skip82
\total@lbox@width=\skip83
\label@box@width=\skip84
\label@box@height=\skip85
\word@label@box=\box58
)
(/usr/share/texlive/texmf-dist/tex/latex/titlesec/titlesec.sty
Package: titlesec 2011/12/15 v2.10.0 Sectioning titles
\ttl@box=\box59
\beforetitleunit=\skip86
\aftertitleunit=\skip87
\ttl@plus=\dimen230
\ttl@minus=\dimen231
\ttl@toksa=\toks55
\titlewidth=\dimen232
\titlewidthlast=\dimen233
Normal \dimen register pool exhausted, switching to extended pool.
\titlewidthfirst=\dimen256
)

! LaTeX Error: Option clash for package xcolor.

See the LaTeX manual or LaTeX Companion for explanation.
Type  H <return>  for immediate help.
 ...                                              
                                                  
l.109 
      
The package xcolor has already been loaded with options:
  []
There has now been an attempt to load it with options
  [table,xcdraw]
Adding the global options:
  ,table,xcdraw
to your \documentclass declaration may fix this.
Try typing  <return>  to proceed.

(./TCCmain.aux

LaTeX Warning: Label `Anexo' multiply defined.


LaTeX Warning: Label `Anexo@cref' multiply defined.


LaTeX Warning: Label `Anexo' multiply defined.


LaTeX Warning: Label `Anexo@cref' multiply defined.

)
\openout1 = `TCCmain.aux'.

LaTeX Font Info:    Checking defaults for OML/cmm/m/it on input line 111.
LaTeX Font Info:    ... okay on input line 111.
LaTeX Font Info:    Checking defaults for T1/cmr/m/n on input line 111.
LaTeX Font Info:    ... okay on input line 111.
LaTeX Font Info:    Checking defaults for OT1/cmr/m/n on input line 111.
LaTeX Font Info:    ... okay on input line 111.
LaTeX Font Info:    Checking defaults for OMS/pzccm/m/n on input line 111.
LaTeX Font Info:    Try loading font information for OMS+pzccm on input line 11
1.
 (/usr/share/texlive/texmf-dist/tex/latex/psnfss/omspzccm.fd
File: omspzccm.fd 2000/01/03 Fontinst v1.801 font definitions for OMS/pzccm.
)
LaTeX Font Info:    ... okay on input line 111.
LaTeX Font Info:    Checking defaults for OMX/cmex/m/n on input line 111.
LaTeX Font Info:    ... okay on input line 111.
LaTeX Font Info:    Checking defaults for U/cmr/m/n on input line 111.
LaTeX Font Info:    ... okay on input line 111.
LaTeX Font Info:    Font shape `T1/phv/m/n' will be
(Font)              scaled to size 9.85492pt on input line 111.

(/usr/share/texlive/texmf-dist/tex/context/base/supp-pdf.mkii
[Loading MPS to PDF converter (version 2006.09.02).]
\scratchcounter=\count187
\scratchdimen=\dimen257
\scratchbox=\box60
\nofMPsegments=\count188
\nofMParguments=\count189
\everyMPshowfont=\toks56
\MPscratchCnt=\count190
\MPscratchDim=\dimen258
\MPnumerator=\count191
\makeMPintoPDFobject=\count192
\everyMPtoPDFconversion=\toks57
) (/usr/share/texlive/texmf-dist/tex/generic/oberdiek/pdftexcmds.sty
Package: pdftexcmds 2011/11/29 v0.20 Utility functions of pdfTeX for LuaTeX (HO
)

(/usr/share/texlive/texmf-dist/tex/generic/oberdiek/ifluatex.sty
Package: ifluatex 2010/03/01 v1.3 Provides the ifluatex switch (HO)
Package ifluatex Info: LuaTeX not detected.
)
Package pdftexcmds Info: LuaTeX not detected.
Package pdftexcmds Info: \pdf@primitive is available.
Package pdftexcmds Info: \pdf@ifprimitive is available.
Package pdftexcmds Info: \pdfdraftmode found.
)
(/usr/share/texlive/texmf-dist/tex/latex/oberdiek/epstopdf-base.sty
Package: epstopdf-base 2010/02/09 v2.5 Base part for package epstopdf

(/usr/share/texlive/texmf-dist/tex/latex/oberdiek/grfext.sty
Package: grfext 2010/08/19 v1.1 Manage graphics extensions (HO)

(/usr/share/texlive/texmf-dist/tex/generic/oberdiek/kvdefinekeys.sty
Package: kvdefinekeys 2011/04/07 v1.3 Define keys (HO)
))
(/usr/share/texlive/texmf-dist/tex/latex/oberdiek/kvoptions.sty
Package: kvoptions 2011/06/30 v3.11 Key value format for package options (HO)

(/usr/share/texlive/texmf-dist/tex/generic/oberdiek/kvsetkeys.sty
Package: kvsetkeys 2012/04/25 v1.16 Key value parser (HO)

(/usr/share/texlive/texmf-dist/tex/generic/oberdiek/etexcmds.sty
Package: etexcmds 2011/02/16 v1.5 Avoid name clashes with e-TeX commands (HO)
Package etexcmds Info: Could not find \expanded.
(etexcmds)             That can mean that you are not using pdfTeX 1.50 or
(etexcmds)             that some package has redefined \expanded.
(etexcmds)             In the latter case, load this package earlier.
)))
Package grfext Info: Graphics extension search list:
(grfext)             [.png,.pdf,.jpg,.mps,.jpeg,.jbig2,.jb2,.PNG,.PDF,.JPG,.JPE
G,.JBIG2,.JB2,.eps]
(grfext)             \AppendGraphicsExtensions on input line 452.

(/usr/share/texlive/texmf-dist/tex/latex/latexconfig/epstopdf-sys.cfg
File: epstopdf-sys.cfg 2010/07/13 v1.3 Configuration of (r)epstopdf for TeX Liv
e
))
Package caption Info: Begin \AtBeginDocument code.
Package caption Info: float package is loaded.
Package caption Info: listings package is loaded.
Package caption Info: rotating package is loaded.
Package caption Info: End \AtBeginDocument code.

ABD: EveryShipout initializing macros
\AtBeginShipoutBox=\box61
\c@lstlisting=\count193

*geometry* driver: auto-detecting
*geometry* detected driver: pdftex
*geometry* verbose mode - [ preamble ] result:
* driver: pdftex
* paper: a4paper
* layout: <same size as paper>
* layoutoffset:(h,v)=(0.0pt,0.0pt)
* modes: twoside 
* h-part:(L,W,R)=(76.82234pt, 443.86319pt, 76.82234pt)
* v-part:(T,H,B)=(76.82234pt, 691.40216pt, 76.82234pt)
* \paperwidth=597.50787pt
* \paperheight=845.04684pt
* \textwidth=443.86319pt
* \textheight=691.40216pt
* \oddsidemargin=4.55235pt
* \evensidemargin=4.55235pt
* \topmargin=-32.44765pt
* \headheight=12.0pt
* \headsep=25.0pt
* \topskip=11.0pt
* \footskip=30.0pt
* \marginparwidth=103.0pt
* \marginparsep=10.0pt
* \columnsep=10.0pt
* \skip\footins=10.0pt plus 4.0pt minus 2.0pt
* \hoffset=0.0pt
* \voffset=0.0pt
* \mag=1000
* \@twocolumnfalse
* \@twosidetrue
* \@mparswitchtrue
* \@reversemarginfalse
* (1in=72.27pt=25.4mm, 1cm=28.453pt)

(./Content/1_PreTexto.tex
LaTeX Font Info:    Font shape `T1/phv/m/n' will be
(Font)              scaled to size 18.66588pt on input line 6.
LaTeX Font Info:    Font shape `T1/phv/m/n' will be
(Font)              scaled to size 15.55188pt on input line 8.
LaTeX Font Info:    Font shape `T1/phv/m/n' will be
(Font)              scaled to size 12.9599pt on input line 10.
LaTeX Font Info:    Font shape `T1/phv/bx/n' in size <20.74> not available
(Font)              Font shape `T1/phv/b/n' tried instead on input line 12.
LaTeX Font Info:    Font shape `T1/phv/b/n' will be
(Font)              scaled to size 18.66588pt on input line 12.
LaTeX Font Info:    Font shape `T1/phv/m/n' will be
(Font)              scaled to size 10.79993pt on input line 16.
LaTeX Font Info:    Font shape `T1/phv/bx/n' in size <14.4> not available
(Font)              Font shape `T1/phv/b/n' tried instead on input line 19.
LaTeX Font Info:    Font shape `T1/phv/b/n' will be
(Font)              scaled to size 12.9599pt on input line 19.
 [1
Non-PDF special ignored!
Non-PDF special ignored!
Non-PDF special ignored!
Non-PDF special ignored!
Non-PDF special ignored!
Non-PDF special ignored!


Non-PDF special ignored!
Non-PDF special ignored!
Non-PDF special ignored!
Non-PDF special ignored!{/usr/share/texlive/texmf-dist/fonts/map/pdftex/updmap/
pdftex.map}] [2

]
LaTeX Font Info:    Font shape `T1/phv/bx/n' in size <12> not available
(Font)              Font shape `T1/phv/b/n' tried instead on input line 40.
LaTeX Font Info:    Font shape `T1/phv/b/n' will be
(Font)              scaled to size 10.79993pt on input line 40.
 [3] [4] [5] [6

]
LaTeX Font Info:    Font shape `T1/phv/bx/n' in size <24.88> not available
(Font)              Font shape `T1/phv/b/n' tried instead on input line 96.
LaTeX Font Info:    Font shape `T1/phv/b/n' will be
(Font)              scaled to size 22.39185pt on input line 96.
 [7] [8

] [9] [10

] [11] [12

] [13] [14

] [15]
[16

]
LaTeX Font Info:    Font shape `T1/phv/m/n' will be
(Font)              scaled to size 12.59991pt on input line 194.
LaTeX Font Info:    Font shape `T1/phv/bx/n' in size <14> not available
(Font)              Font shape `T1/phv/b/n' tried instead on input line 194.
LaTeX Font Info:    Font shape `T1/phv/b/n' will be
(Font)              scaled to size 12.59991pt on input line 194.
 (./TCCmain.lof
LaTeX Font Info:    Try loading font information for OT1+ptmcm on input line 3.

 (/usr/share/texlive/texmf-dist/tex/latex/psnfss/ot1ptmcm.fd
File: ot1ptmcm.fd 2000/01/03 Fontinst v1.801 font definitions for OT1/ptmcm.
)
LaTeX Font Info:    Try loading font information for OML+ptmcm on input line 3.

 (/usr/share/texlive/texmf-dist/tex/latex/psnfss/omlptmcm.fd
File: omlptmcm.fd 2000/01/03 Fontinst v1.801 font definitions for OML/ptmcm.
)
LaTeX Font Info:    Try loading font information for OMX+psycm on input line 3.


(/usr/share/texlive/texmf-dist/tex/latex/psnfss/omxpsycm.fd
File: omxpsycm.fd 2000/01/03 Fontinst v1.801 font definitions for OMX/psycm.
)
LaTeX Font Info:    Try loading font information for U+msa on input line 3.

(/usr/share/texlive/texmf-dist/tex/latex/amsfonts/umsa.fd
File: umsa.fd 2013/01/14 v3.01 AMS symbols A
)
LaTeX Font Info:    Try loading font information for U+msb on input line 3.

(/usr/share/texlive/texmf-dist/tex/latex/amsfonts/umsb.fd
File: umsb.fd 2013/01/14 v3.01 AMS symbols B
)
LaTeX Font Info:    Font shape `OT1/ptm/bx/n' in size <12> not available
(Font)              Font shape `OT1/ptm/b/n' tried instead on input line 3.
LaTeX Font Info:    Font shape `OT1/ptm/bx/n' in size <9> not available
(Font)              Font shape `OT1/ptm/b/n' tried instead on input line 3.
LaTeX Font Info:    Font shape `OT1/ptm/bx/n' in size <7> not available
(Font)              Font shape `OT1/ptm/b/n' tried instead on input line 3.

Underfull \vbox (badness 5954) has occurred while \output is active []

 [17

])
\tf@lof=\write4
\openout4 = `TCCmain.lof'.


[18] (./TCCmain.lot)
\tf@lot=\write5
\openout5 = `TCCmain.lot'.

 [19

] [20

]
LaTeX Font Info:    Font shape `T1/phv/m/it' in size <12> not available
(Font)              Font shape `T1/phv/m/sl' tried instead on input line 211.
LaTeX Font Info:    Font shape `T1/phv/m/sl' will be
(Font)              scaled to size 10.79993pt on input line 211.
 [21] [22

] (./TCCmain.toc

Package Fancyhdr Warning: \headheight is too small (12.0pt): 
 Make it at least 13.59999pt.
 We now make it that large for the rest of the document.
 This may cause the page layout to be inconsistent, however.

[23

]

Package Fancyhdr Warning: \headheight is too small (12.0pt): 
 Make it at least 13.59999pt.
 We now make it that large for the rest of the document.
 This may cause the page layout to be inconsistent, however.

[24])
\tf@toc=\write6
\openout6 = `TCCmain.toc'.

) (./Content/2_Introducao.tex

Package Fancyhdr Warning: \headheight is too small (12.0pt): 
 Make it at least 13.59999pt.
 We now make it that large for the rest of the document.
 This may cause the page layout to be inconsistent, however.

[25]

Package Fancyhdr Warning: \headheight is too small (12.0pt): 
 Make it at least 13.59999pt.
 We now make it that large for the rest of the document.
 This may cause the page layout to be inconsistent, however.

[26

]
Cap\'{\i }tulo 1.

Underfull \vbox (badness 1675) has occurred while \output is active []



Package Fancyhdr Warning: \headheight is too small (12.0pt): 
 Make it at least 13.59999pt.
 We now make it that large for the rest of the document.
 This may cause the page layout to be inconsistent, however.

[27]

Package Fancyhdr Warning: \headheight is too small (12.0pt): 
 Make it at least 13.59999pt.
 We now make it that large for the rest of the document.
 This may cause the page layout to be inconsistent, however.

[28]
LaTeX Font Info:    Try loading font information for OMS+phv on input line 68.
 (/usr/share/texlive/texmf-dist/tex/latex/psnfss/omsphv.fd
File: omsphv.fd 
)
LaTeX Font Info:    Font shape `OMS/phv/m/n' in size <12> not available
(Font)              Font shape `OMS/cmsy/m/n' tried instead on input line 68.

<./Resources/intro.jpg, id=98, 747.79375pt x 687.56876pt>
File: ./Resources/intro.jpg Graphic file (type jpg)

<use ./Resources/intro.jpg>
Package pdftex.def Info: ./Resources/intro.jpg used on input line 87.
(pdftex.def)             Requested size: 373.89595pt x 343.78354pt.


Package Fancyhdr Warning: \headheight is too small (12.0pt): 
 Make it at least 13.59999pt.
 We now make it that large for the rest of the document.
 This may cause the page layout to be inconsistent, however.

[29] <./Resources/intro2.jpg, id=102, 1215.54124pt x 740.7675pt>
File: ./Resources/intro2.jpg Graphic file (type jpg)

<use ./Resources/intro2.jpg>
Package pdftex.def Info: ./Resources/intro2.jpg used on input line 97.
(pdftex.def)             Requested size: 425.44582pt x 259.2725pt.

Underfull \vbox (badness 10000) has occurred while \output is active []



Package Fancyhdr Warning: \headheight is too small (12.0pt): 
 Make it at least 13.59999pt.
 We now make it that large for the rest of the document.
 This may cause the page layout to be inconsistent, however.

[30 <./Resources/intro.jpg>]
Underfull \vbox (badness 2134) has occurred while \output is active []



Package Fancyhdr Warning: \headheight is too small (12.0pt): 
 Make it at least 13.59999pt.
 We now make it that large for the rest of the document.
 This may cause the page layout to be inconsistent, however.

[31 <./Resources/intro2.jpg>]) (./Content/4_EmbasamentoTeorico.tex

Package Fancyhdr Warning: \headheight is too small (12.0pt): 
 Make it at least 13.59999pt.
 We now make it that large for the rest of the document.
 This may cause the page layout to be inconsistent, however.

[32]
Cap\'{\i }tulo 2.

Package Fancyhdr Warning: \headheight is too small (12.0pt): 
 Make it at least 13.59999pt.
 We now make it that large for the rest of the document.
 This may cause the page layout to be inconsistent, however.

[33

] <./Resources/cloud.png, id=116, 855.195pt x 541.02126pt>
File: ./Resources/cloud.png Graphic file (type png)

<use ./Resources/cloud.png>
Package pdftex.def Info: ./Resources/cloud.png used on input line 32.
(pdftex.def)             Requested size: 342.07195pt x 216.40466pt.

Underfull \vbox (badness 10000) has occurred while \output is active []



Package Fancyhdr Warning: \headheight is too small (12.0pt): 
 Make it at least 13.59999pt.
 We now make it that large for the rest of the document.
 This may cause the page layout to be inconsistent, however.

[34]

Package Fancyhdr Warning: \headheight is too small (12.0pt): 
 Make it at least 13.59999pt.
 We now make it that large for the rest of the document.
 This may cause the page layout to be inconsistent, however.

[35 <./Resources/cloud.png>]
<./Resources/ocr.png, id=125, 598.235pt x 429.605pt>
File: ./Resources/ocr.png Graphic file (type png)
 <use ./Resources/ocr.png>
Package pdftex.def Info: ./Resources/ocr.png used on input line 50.
(pdftex.def)             Requested size: 239.28975pt x 171.83894pt.


Package Fancyhdr Warning: \headheight is too small (12.0pt): 
 Make it at least 13.59999pt.
 We now make it that large for the rest of the document.
 This may cause the page layout to be inconsistent, however.

[36 <./Resources/ocr.png>]
<./Resources/imageRecog.png, id=129, 455.7025pt x 310.15875pt>
File: ./Resources/imageRecog.png Graphic file (type png)

<use ./Resources/imageRecog.png>
Package pdftex.def Info: ./Resources/imageRecog.png used on input line 66.
(pdftex.def)             Requested size: 227.85068pt x 155.079pt.


Package Fancyhdr Warning: \headheight is too small (12.0pt): 
 Make it at least 13.59999pt.
 We now make it that large for the rest of the document.
 This may cause the page layout to be inconsistent, however.

[37 <./Resources/imageRecog.png>]) (./Content/5_MateriaisMetodos.tex

Package Fancyhdr Warning: \headheight is too small (12.0pt): 
 Make it at least 13.59999pt.
 We now make it that large for the rest of the document.
 This may cause the page layout to be inconsistent, however.

[38]
Cap\'{\i }tulo 3.
<./Resources/esquematico1.jpg, id=137, 963.6pt x 722.7pt>
File: ./Resources/esquematico1.jpg Graphic file (type jpg)

<use ./Resources/esquematico1.jpg>
Package pdftex.def Info: ./Resources/esquematico1.jpg used on input line 13.
(pdftex.def)             Requested size: 337.26506pt x 252.94878pt.


Package Fancyhdr Warning: \headheight is too small (12.0pt): 
 Make it at least 13.59999pt.
 We now make it that large for the rest of the document.
 This may cause the page layout to be inconsistent, however.

[39

 <./Resources/esquematico1.jpg>]
<./Resources/smartphone.jpg, id=141, 160.6pt x 305.14pt>
File: ./Resources/smartphone.jpg Graphic file (type jpg)

<use ./Resources/smartphone.jpg>
Package pdftex.def Info: ./Resources/smartphone.jpg used on input line 29.
(pdftex.def)             Requested size: 56.21083pt x 106.80058pt.


LaTeX Warning: No positions in optional float specifier.
               Default added (so using `tbp') on input line 37.

LaTeX Font Info:    Font shape `OT1/ptm/bx/n' in size <10.95> not available
(Font)              Font shape `OT1/ptm/b/n' tried instead on input line 41.
LaTeX Font Info:    Font shape `OT1/ptm/bx/n' in size <8> not available
(Font)              Font shape `OT1/ptm/b/n' tried instead on input line 41.
LaTeX Font Info:    Font shape `OT1/ptm/bx/n' in size <6> not available
(Font)              Font shape `OT1/ptm/b/n' tried instead on input line 41.
<./Resources/arduino.jpg, id=142, 254.9525pt x 181.67876pt>
File: ./Resources/arduino.jpg Graphic file (type jpg)

<use ./Resources/arduino.jpg>
Package pdftex.def Info: ./Resources/arduino.jpg used on input line 61.
(pdftex.def)             Requested size: 89.2347pt x 63.5885pt.

Underfull \vbox (badness 1406) has occurred while \output is active []



Package Fancyhdr Warning: \headheight is too small (12.0pt): 
 Make it at least 13.59999pt.
 We now make it that large for the rest of the document.
 This may cause the page layout to be inconsistent, however.

[40 <./Resources/smartphone.jpg>]
Overfull \hbox (22.71819pt too wide) in paragraph at lines 67--68
[]\T1/phv/m/n/12 Para a fun-ci-o-na-li-dade de de-tec-ção de obs-tá-cu-los, que
 não po-de-ria ser feita pelo smartphone,
 []


LaTeX Warning: No positions in optional float specifier.
               Default added (so using `tbp') on input line 69.

<./Resources/sensor.jpg, id=146, 325.215pt x 325.215pt>
File: ./Resources/sensor.jpg Graphic file (type jpg)

<use ./Resources/sensor.jpg>
Package pdftex.def Info: ./Resources/sensor.jpg used on input line 90.
(pdftex.def)             Requested size: 65.04184pt x 65.04184pt.

Underfull \vbox (badness 10000) has occurred while \output is active []



Package Fancyhdr Warning: \headheight is too small (12.0pt): 
 Make it at least 13.59999pt.
 We now make it that large for the rest of the document.
 This may cause the page layout to be inconsistent, however.

[41 <./Resources/arduino.jpg>]
<./Resources/bluetooth.jpg, id=151, 451.6875pt x 451.6875pt>
File: ./Resources/bluetooth.jpg Graphic file (type jpg)

<use ./Resources/bluetooth.jpg>
Package pdftex.def Info: ./Resources/bluetooth.jpg used on input line 103.
(pdftex.def)             Requested size: 90.33589pt x 90.33589pt.


LaTeX Warning: Reference `componentes' on page 42 undefined on input line 113.


Underfull \vbox (badness 1038) has occurred while \output is active []



Package Fancyhdr Warning: \headheight is too small (12.0pt): 
 Make it at least 13.59999pt.
 We now make it that large for the rest of the document.
 This may cause the page layout to be inconsistent, however.

[42 <./Resources/sensor.jpg> <./Resources/bluetooth.jpg>]
<./Resources/talkback.jpg, id=155, 692.5875pt x 350.30875pt>
File: ./Resources/talkback.jpg Graphic file (type jpg)

<use ./Resources/talkback.jpg>
Package pdftex.def Info: ./Resources/talkback.jpg used on input line 132.
(pdftex.def)             Requested size: 346.2929pt x 175.15395pt.

Underfull \vbox (badness 10000) has occurred while \output is active []



Package Fancyhdr Warning: \headheight is too small (12.0pt): 
 Make it at least 13.59999pt.
 We now make it that large for the rest of the document.
 This may cause the page layout to be inconsistent, however.

[43] <./Resources/menu.png, id=161, 481.8pt x 803.0pt>
File: ./Resources/menu.png Graphic file (type png)

<use ./Resources/menu.png>
Package pdftex.def Info: ./Resources/menu.png used on input line 141.
(pdftex.def)             Requested size: 144.5411pt x 240.90186pt.


Package Fancyhdr Warning: \headheight is too small (12.0pt): 
 Make it at least 13.59999pt.
 We now make it that large for the rest of the document.
 This may cause the page layout to be inconsistent, however.

[44 <./Resources/talkback.jpg> <./Resources/menu.png>]
<./Resources/navegabilidade.jpg, id=165, 1179.40625pt x 735.74875pt>
File: ./Resources/navegabilidade.jpg Graphic file (type jpg)

<use ./Resources/navegabilidade.jpg>
Package pdftex.def Info: ./Resources/navegabilidade.jpg used on input line 152.

(pdftex.def)             Requested size: 412.79837pt x 257.51591pt.

Underfull \vbox (badness 1019) has occurred while \output is active []



Package Fancyhdr Warning: \headheight is too small (12.0pt): 
 Make it at least 13.59999pt.
 We now make it that large for the rest of the document.
 This may cause the page layout to be inconsistent, however.

[45 <./Resources/navegabilidade.jpg>]
<./Resources/price.png, id=169, 1123.19624pt x 460.72125pt>
File: ./Resources/price.png Graphic file (type png)

<use ./Resources/price.png>
Package pdftex.def Info: ./Resources/price.png used on input line 180.
(pdftex.def)             Requested size: 449.27054pt x 184.28523pt.

Overfull \hbox (5.40735pt too wide) in paragraph at lines 180--181
 [][] 
 []


Underfull \vbox (badness 10000) has occurred while \output is active []



Package Fancyhdr Warning: \headheight is too small (12.0pt): 
 Make it at least 13.59999pt.
 We now make it that large for the rest of the document.
 This may cause the page layout to be inconsistent, however.

[46]
Underfull \vbox (badness 10000) has occurred while \output is active []



Package Fancyhdr Warning: \headheight is too small (12.0pt): 
 Make it at least 13.59999pt.
 We now make it that large for the rest of the document.
 This may cause the page layout to be inconsistent, however.

[47 <./Resources/price.png>]
<./Resources/yandex.png, id=176, 1282.7925pt x 270.00874pt>
File: ./Resources/yandex.png Graphic file (type png)

<use ./Resources/yandex.png>
Package pdftex.def Info: ./Resources/yandex.png used on input line 200.
(pdftex.def)             Requested size: 448.9841pt x 94.50447pt.

Overfull \hbox (5.12091pt too wide) in paragraph at lines 200--201
 [][] 
 []


Package Fancyhdr Warning: \headheight is too small (12.0pt): 
 Make it at least 13.59999pt.
 We now make it that large for the rest of the document.
 This may cause the page layout to be inconsistent, however.

[48 <./Resources/yandex.png>]
<./Resources/capRes.png, id=180, 1007.765pt x 640.3925pt>
File: ./Resources/capRes.png Graphic file (type png)

<use ./Resources/capRes.png>
Package pdftex.def Info: ./Resources/capRes.png used on input line 210.
(pdftex.def)             Requested size: 403.09886pt x 256.15245pt.


Package Fancyhdr Warning: \headheight is too small (12.0pt): 
 Make it at least 13.59999pt.
 We now make it that large for the rest of the document.
 This may cause the page layout to be inconsistent, however.

[49 <./Resources/capRes.png>]
<./Resources/funcoes.png, id=186, 963.6pt x 365.365pt>
File: ./Resources/funcoes.png Graphic file (type png)

<use ./Resources/funcoes.png>
Package pdftex.def Info: ./Resources/funcoes.png used on input line 223.
(pdftex.def)             Requested size: 433.616pt x 164.41272pt.

Overfull \hbox (20.71956pt too wide) in paragraph at lines 237--238
[]\T1/phv/m/n/12 Com isso de-ci-dido, foi ne-ces-sá-rio pla-ne-jar a es-tru-tur
a desse re-gis-tro. A prin-cí-pio considerou-
 []


Package Fancyhdr Warning: \headheight is too small (12.0pt): 
 Make it at least 13.59999pt.
 We now make it that large for the rest of the document.
 This may cause the page layout to be inconsistent, however.

[50 <./Resources/funcoes.png>]
<./Resources/select.png, id=192, 481.8pt x 803.0pt>
File: ./Resources/select.png Graphic file (type png)

<use ./Resources/select.png>
Package pdftex.def Info: ./Resources/select.png used on input line 243.
(pdftex.def)             Requested size: 192.71658pt x 321.1943pt.


Package Fancyhdr Warning: \headheight is too small (12.0pt): 
 Make it at least 13.59999pt.
 We now make it that large for the rest of the document.
 This may cause the page layout to be inconsistent, however.

[51 <./Resources/select.png>]

Package Fancyhdr Warning: \headheight is too small (12.0pt): 
 Make it at least 13.59999pt.
 We now make it that large for the rest of the document.
 This may cause the page layout to be inconsistent, however.

[52] <./Resources/circuit.png, id=199, 426.393pt x 259.369pt>
File: ./Resources/circuit.png Graphic file (type png)

<use ./Resources/circuit.png>
Package pdftex.def Info: ./Resources/circuit.png used on input line 269.
(pdftex.def)             Requested size: 298.47305pt x 181.55705pt.
) (./Content/6_Resultados.tex

Package Fancyhdr Warning: \headheight is too small (12.0pt): 
 Make it at least 13.59999pt.
 We now make it that large for the rest of the document.
 This may cause the page layout to be inconsistent, however.

[53 <./Resources/circuit.png>]

Package Fancyhdr Warning: \headheight is too small (12.0pt): 
 Make it at least 13.59999pt.
 We now make it that large for the rest of the document.
 This may cause the page layout to be inconsistent, however.

[54

]
Cap\'{\i }tulo 4.
<./Resources/Teste-HP.jpg, id=207, 1927.2pt x 2569.6pt>
File: ./Resources/Teste-HP.jpg Graphic file (type jpg)

<use ./Resources/Teste-HP.jpg>
Package pdftex.def Info: ./Resources/Teste-HP.jpg used on input line 17.
(pdftex.def)             Requested size: 289.06754pt x 385.42337pt.


Package Fancyhdr Warning: \headheight is too small (12.0pt): 
 Make it at least 13.59999pt.
 We now make it that large for the rest of the document.
 This may cause the page layout to be inconsistent, however.

[55]
\MBox=\box62
LaTeX Font Info:    Font shape `T1/phv/bx/n' in size <10.95> not available
(Font)              Font shape `T1/phv/b/n' tried instead on input line 66.
LaTeX Font Info:    Font shape `T1/phv/b/n' will be
(Font)              scaled to size 9.85492pt on input line 66.
 <./Resources/green.jpg, id=212, 3902.58pt x 2601.72pt>
File: ./Resources/green.jpg Graphic file (type jpg)

<use ./Resources/green.jpg>
Package pdftex.def Info: ./Resources/green.jpg used on input line 68.
(pdftex.def)             Requested size: 199.72566pt x 259.75055pt.
LaTeX Font Info:    Font shape `T1/phv/m/n' will be
(Font)              scaled to size 8.99994pt on input line 89.

<./Resources/yellow.jpg, id=213, 3902.58pt x 2601.72pt>
File: ./Resources/yellow.jpg Graphic file (type jpg)

<use ./Resources/yellow.jpg>
Package pdftex.def Info: ./Resources/yellow.jpg used on input line 101.
(pdftex.def)             Requested size: 199.72566pt x 257.8053pt.

<./Resources/red.jpg, id=214, 5018.75pt x 3513.125pt>
File: ./Resources/red.jpg Graphic file (type jpg)

<use ./Resources/red.jpg>
Package pdftex.def Info: ./Resources/red.jpg used on input line 127.
(pdftex.def)             Requested size: 443.85687pt x 76.12038pt.

Underfull \hbox (badness 10000) in paragraph at lines 58--147
[]$[]$ $[]$
 []


Underfull \vbox (badness 10000) has occurred while \output is active []



Package Fancyhdr Warning: \headheight is too small (12.0pt): 
 Make it at least 13.59999pt.
 We now make it that large for the rest of the document.
 This may cause the page layout to be inconsistent, however.

[56 <./Resources/Teste-HP.jpg>]

Package Fancyhdr Warning: \headheight is too small (12.0pt): 
 Make it at least 13.59999pt.
 We now make it that large for the rest of the document.
 This may cause the page layout to be inconsistent, however.

[57 <./Resources/green.jpg> <./Resources/yellow.jpg> <./Resources/red.jpg>]
<./Resources/bestPractices.png, id=221, 818.05624pt x 255.95625pt>
File: ./Resources/bestPractices.png Graphic file (type png)

<use ./Resources/bestPractices.png>
Package pdftex.def Info: ./Resources/bestPractices.png used on input line 186.
(pdftex.def)             Requested size: 409.02711pt x 127.9778pt.

<./Resources/girado.png, id=222, 345.29pt x 511.9125pt>
File: ./Resources/girado.png Graphic file (type png)

<use ./Resources/girado.png>
Package pdftex.def Info: ./Resources/girado.png used on input line 202.
(pdftex.def)             Requested size: 138.11354pt x 204.76137pt.

<./Resources/girado90.png, id=223, 345.29pt x 511.9125pt>
File: ./Resources/girado90.png Graphic file (type png)

<use ./Resources/girado90.png>
Package pdftex.def Info: ./Resources/girado90.png used on input line 210.
(pdftex.def)             Requested size: 138.11354pt x 204.76137pt.

<./Resources/semgirar.png, id=224, 345.29pt x 511.9125pt>
File: ./Resources/semgirar.png Graphic file (type png)

<use ./Resources/semgirar.png>
Package pdftex.def Info: ./Resources/semgirar.png used on input line 218.
(pdftex.def)             Requested size: 138.11354pt x 204.76137pt.


Package Fancyhdr Warning: \headheight is too small (12.0pt): 
 Make it at least 13.59999pt.
 We now make it that large for the rest of the document.
 This may cause the page layout to be inconsistent, however.

[58 <./Resources/bestPractices.png>]
Underfull \vbox (badness 1400) has occurred while \output is active []



Package Fancyhdr Warning: \headheight is too small (12.0pt): 
 Make it at least 13.59999pt.
 We now make it that large for the rest of the document.
 This may cause the page layout to be inconsistent, however.

[59 <./Resources/girado.png> <./Resources/girado90.png> <./Resources/semgirar.p
ng>] <./Resources/labels.png, id=234, 686.565pt x 581.17125pt>
File: ./Resources/labels.png Graphic file (type png)

<use ./Resources/labels.png>
Package pdftex.def Info: ./Resources/labels.png used on input line 264.
(pdftex.def)             Requested size: 343.28166pt x 290.58492pt.

<./Resources/labelsComputer.png, id=235, 713.66624pt x 579.16376pt>
File: ./Resources/labelsComputer.png Graphic file (type png)

<use ./Resources/labelsComputer.png>
Package pdftex.def Info: ./Resources/labelsComputer.png used on input line 274.

(pdftex.def)             Requested size: 285.46143pt x 231.66139pt.

Underfull \vbox (badness 10000) has occurred while \output is active []



Package Fancyhdr Warning: \headheight is too small (12.0pt): 
 Make it at least 13.59999pt.
 We now make it that large for the rest of the document.
 This may cause the page layout to be inconsistent, however.

[60 <./Resources/labels.png>]
<./Resources/labelsComputer2.png, id=240, 713.66624pt x 579.16376pt>
File: ./Resources/labelsComputer2.png Graphic file (type png)

<use ./Resources/labelsComputer2.png>
Package pdftex.def Info: ./Resources/labelsComputer2.png used on input line 284
.
(pdftex.def)             Requested size: 285.46143pt x 231.66139pt.

Underfull \vbox (badness 10000) has occurred while \output is active []



Package Fancyhdr Warning: \headheight is too small (12.0pt): 
 Make it at least 13.59999pt.
 We now make it that large for the rest of the document.
 This may cause the page layout to be inconsistent, however.

[61 <./Resources/labelsComputer.png>]
<./Resources/labelCadeira.png, id=246, 713.66624pt x 579.16376pt>
File: ./Resources/labelCadeira.png Graphic file (type png)

<use ./Resources/labelCadeira.png>
Package pdftex.def Info: ./Resources/labelCadeira.png used on input line 294.
(pdftex.def)             Requested size: 285.46143pt x 231.66139pt.

Underfull \vbox (badness 4168) has occurred while \output is active []



Package Fancyhdr Warning: \headheight is too small (12.0pt): 
 Make it at least 13.59999pt.
 We now make it that large for the rest of the document.
 This may cause the page layout to be inconsistent, however.

[62 <./Resources/labelsComputer2.png> <./Resources/labelCadeira.png>]
<./Resources/expressoes.png, id=252, 1068.99374pt x 572.1375pt>
File: ./Resources/expressoes.png Graphic file (type png)

<use ./Resources/expressoes.png>
Package pdftex.def Info: ./Resources/expressoes.png used on input line 308.
(pdftex.def)             Requested size: 427.58992pt x 228.85094pt.

Underfull \vbox (badness 3148) has occurred while \output is active []



Package Fancyhdr Warning: \headheight is too small (12.0pt): 
 Make it at least 13.59999pt.
 We now make it that large for the rest of the document.
 This may cause the page layout to be inconsistent, however.

[63 <./Resources/expressoes.png>]
<./Resources/triste.png, id=257, 874.26625pt x 504.88625pt>
File: ./Resources/triste.png Graphic file (type png)

<use ./Resources/triste.png>
Package pdftex.def Info: ./Resources/triste.png used on input line 318.
(pdftex.def)             Requested size: 437.13205pt x 252.44249pt.


Package Fancyhdr Warning: \headheight is too small (12.0pt): 
 Make it at least 13.59999pt.
 We now make it that large for the rest of the document.
 This may cause the page layout to be inconsistent, however.

[64 <./Resources/triste.png>]) (./Content/7_Conclusao.tex

Package Fancyhdr Warning: \headheight is too small (12.0pt): 
 Make it at least 13.59999pt.
 We now make it that large for the rest of the document.
 This may cause the page layout to be inconsistent, however.

[65]

Package Fancyhdr Warning: \headheight is too small (12.0pt): 
 Make it at least 13.59999pt.
 We now make it that large for the rest of the document.
 This may cause the page layout to be inconsistent, however.

[66

]
Cap\'{\i }tulo 5.
) (./TCCmain.bbl

Package Fancyhdr Warning: \headheight is too small (12.0pt): 
 Make it at least 13.59999pt.
 We now make it that large for the rest of the document.
 This may cause the page layout to be inconsistent, however.

[67]

Package Fancyhdr Warning: \headheight is too small (12.0pt): 
 Make it at least 13.59999pt.
 We now make it that large for the rest of the document.
 This may cause the page layout to be inconsistent, however.

[68

]
Underfull \hbox (badness 2057) in paragraph at lines 29--32
\T1/phv/m/n/12 / / www . ericsson . com / res / docs / 2016 / ericsson -[] mobi
lity -[] report -[] 2016 . pdf$, Erics-son, Es-to-
 []


Underfull \hbox (badness 10000) in paragraph at lines 74--77
[]\T1/phv/m/n/12 ``Bengala Au-to-má-tica,'' $http : / / www . correio24horas . 
com . br / detalhe / noticia / estudantes -[]
 []


Underfull \hbox (badness 10000) in paragraph at lines 74--77
\T1/phv/m/n/12 baianos -[] criam -[] bengala -[] automatica -[] de -[] baixo -[
] custo -[] para -[] de^^\cientes -[] visuais -[]
 []


Package Fancyhdr Warning: \headheight is too small (12.0pt): 
 Make it at least 13.59999pt.
 We now make it that large for the rest of the document.
 This may cause the page layout to be inconsistent, however.

[69]
Underfull \hbox (badness 4060) in paragraph at lines 88--91
[]\T1/phv/m/n/12 ``Tecnologia As-sis-tiva,'' $http : / / www . pessoacomde^^\ci
encia . gov . br / app / sites / default / ^^\les /
 []


Underfull \hbox (badness 10000) in paragraph at lines 99--102
[]\T1/phv/m/n/12 ``Accessibility,'' $https : / / developer . android . com / gu
ide / topics / ui / accessibility / index . html$,
 []


Package Fancyhdr Warning: \headheight is too small (12.0pt): 
 Make it at least 13.59999pt.
 We now make it that large for the rest of the document.
 This may cause the page layout to be inconsistent, however.

[70]
Underfull \hbox (badness 1430) in paragraph at lines 138--141
[]\T1/phv/m/n/12 K. Sato and R. Sa-kai, ``Ex-plore the Ga-laxy of ima-ges with 
Cloud Vi-sion API,''
 []


Underfull \hbox (badness 10000) in paragraph at lines 138--141
\T1/phv/m/n/12 https : / / cloud . google . com / blog / big -[] data / 2016 / 
05 / explore -[] the -[] galaxy -[] of -[] images -[] with -[]
 []

) (./Content/8_Apendices.tex

Package Fancyhdr Warning: \headheight is too small (12.0pt): 
 Make it at least 13.59999pt.
 We now make it that large for the rest of the document.
 This may cause the page layout to be inconsistent, however.

[71]

Package Fancyhdr Warning: \headheight is too small (12.0pt): 
 Make it at least 13.59999pt.
 We now make it that large for the rest of the document.
 This may cause the page layout to be inconsistent, however.

[72

]
Ap\^endice A.
<./Resources/AllClassesJustName.png, id=287, 1340.00626pt x 689.57625pt>
File: ./Resources/AllClassesJustName.png Graphic file (type png)

<use ./Resources/AllClassesJustName.png>
Package pdftex.def Info: ./Resources/AllClassesJustName.png used on input line 
8.
(pdftex.def)             Requested size: 670.0015pt x 344.78728pt.


Package Fancyhdr Warning: \headheight is too small (12.0pt): 
 Make it at least 13.59999pt.
 We now make it that large for the rest of the document.
 This may cause the page layout to be inconsistent, however.

[73]

Package Fancyhdr Warning: \headheight is too small (12.0pt): 
 Make it at least 13.59999pt.
 We now make it that large for the rest of the document.
 This may cause the page layout to be inconsistent, however.

[74 <./Resources/AllClassesJustName.png>]
Ap\^endice B.
(/usr/share/texlive/texmf-dist/tex/latex/listings/lstlang1.sty
File: lstlang1.sty 2014/03/04 1.5c listings language file
)
LaTeX Font Info:    Font shape `T1/phv/bx/n' in size <10> not available
(Font)              Font shape `T1/phv/b/n' tried instead on input line 111.
LaTeX Font Info:    Font shape `T1/phv/b/n' will be
(Font)              scaled to size 8.99994pt on input line 111.
LaTeX Font Info:    Font shape `T1/phv/bx/n' in size <6> not available
(Font)              Font shape `T1/phv/b/n' tried instead on input line 111.
LaTeX Font Info:    Font shape `T1/phv/b/n' will be
(Font)              scaled to size 5.39996pt on input line 111.
LaTeX Font Info:    Font shape `T1/pcr/bx/n' in size <10> not available
(Font)              Font shape `T1/pcr/b/n' tried instead on input line 111.

Underfull \vbox (badness 10000) has occurred while \output is active []



Package Fancyhdr Warning: \headheight is too small (12.0pt): 
 Make it at least 13.59999pt.
 We now make it that large for the rest of the document.
 This may cause the page layout to be inconsistent, however.

[75

]

Package Fancyhdr Warning: \headheight is too small (12.0pt): 
 Make it at least 13.59999pt.
 We now make it that large for the rest of the document.
 This may cause the page layout to be inconsistent, however.

[76]
Underfull \vbox (badness 10000) has occurred while \output is active []



Package Fancyhdr Warning: \headheight is too small (12.0pt): 
 Make it at least 13.59999pt.
 We now make it that large for the rest of the document.
 This may cause the page layout to be inconsistent, however.

[77]

Package Fancyhdr Warning: \headheight is too small (12.0pt): 
 Make it at least 13.59999pt.
 We now make it that large for the rest of the document.
 This may cause the page layout to be inconsistent, however.

[78]

Package Fancyhdr Warning: \headheight is too small (12.0pt): 
 Make it at least 13.59999pt.
 We now make it that large for the rest of the document.
 This may cause the page layout to be inconsistent, however.

[79]

Package Fancyhdr Warning: \headheight is too small (12.0pt): 
 Make it at least 13.59999pt.
 We now make it that large for the rest of the document.
 This may cause the page layout to be inconsistent, however.

[80

]
Ap\^endice C.
) (./Content/9_Anexos.tex

Package Fancyhdr Warning: \headheight is too small (12.0pt): 
 Make it at least 13.59999pt.
 We now make it that large for the rest of the document.
 This may cause the page layout to be inconsistent, however.

[81]

Package Fancyhdr Warning: \headheight is too small (12.0pt): 
 Make it at least 13.59999pt.
 We now make it that large for the rest of the document.
 This may cause the page layout to be inconsistent, however.

[82

]
Anexo I.
<Resources/ARDUINO-UNO.pdf, id=324, 597.23125pt x 845.1575pt>
File: Resources/ARDUINO-UNO.pdf Graphic file (type pdf)

<use Resources/ARDUINO-UNO.pdf>
Package pdftex.def Info: Resources/ARDUINO-UNO.pdf used on input line 5.
(pdftex.def)             Requested size: 597.22978pt x 845.15544pt.
File: Resources/ARDUINO-UNO.pdf Graphic file (type pdf)
 <use Resources/ARDUINO-UNO.pdf>
Package pdftex.def Info: Resources/ARDUINO-UNO.pdf used on input line 5.
(pdftex.def)             Requested size: 597.22978pt x 845.15544pt.


Package Fancyhdr Warning: \headheight is too small (12.0pt): 
 Make it at least 13.59999pt.
 We now make it that large for the rest of the document.
 This may cause the page layout to be inconsistent, however.

[83] <Resources/ARDUINO-UNO.pdf, id=330, page=1, 597.23125pt x 845.1575pt>
File: Resources/ARDUINO-UNO.pdf Graphic file (type pdf)

<use Resources/ARDUINO-UNO.pdf, page 1>
Package pdftex.def Info: Resources/ARDUINO-UNO.pdf, page1 used on input line 5.

(pdftex.def)             Requested size: 597.22978pt x 845.15544pt.
File: Resources/ARDUINO-UNO.pdf Graphic file (type pdf)

<use Resources/ARDUINO-UNO.pdf, page 1>
Package pdftex.def Info: Resources/ARDUINO-UNO.pdf, page1 used on input line 5.

(pdftex.def)             Requested size: 597.25711pt x 845.19412pt.
File: Resources/ARDUINO-UNO.pdf Graphic file (type pdf)

<use Resources/ARDUINO-UNO.pdf, page 1>
Package pdftex.def Info: Resources/ARDUINO-UNO.pdf, page1 used on input line 5.

(pdftex.def)             Requested size: 597.25711pt x 845.19412pt.
File: Resources/ARDUINO-UNO.pdf Graphic file (type pdf)

<use Resources/ARDUINO-UNO.pdf, page 1>
Package pdftex.def Info: Resources/ARDUINO-UNO.pdf, page1 used on input line 5.

(pdftex.def)             Requested size: 597.25711pt x 845.19412pt.
File: Resources/ARDUINO-UNO.pdf Graphic file (type pdf)

<use Resources/ARDUINO-UNO.pdf, page 1>
Package pdftex.def Info: Resources/ARDUINO-UNO.pdf, page1 used on input line 5.

(pdftex.def)             Requested size: 597.25711pt x 845.19412pt.
 [84 <./Resources/ARDUINO-UNO.pdf>]
<Resources/ARDUINO-UNO.pdf, id=414, page=2, 597.23125pt x 845.1575pt>
File: Resources/ARDUINO-UNO.pdf Graphic file (type pdf)

<use Resources/ARDUINO-UNO.pdf, page 2>
Package pdftex.def Info: Resources/ARDUINO-UNO.pdf, page2 used on input line 5.

(pdftex.def)             Requested size: 597.25711pt x 845.19412pt.
File: Resources/ARDUINO-UNO.pdf Graphic file (type pdf)

<use Resources/ARDUINO-UNO.pdf, page 2>
Package pdftex.def Info: Resources/ARDUINO-UNO.pdf, page2 used on input line 5.

(pdftex.def)             Requested size: 597.25711pt x 845.19412pt.
File: Resources/ARDUINO-UNO.pdf Graphic file (type pdf)

<use Resources/ARDUINO-UNO.pdf, page 2>
Package pdftex.def Info: Resources/ARDUINO-UNO.pdf, page2 used on input line 5.

(pdftex.def)             Requested size: 597.25711pt x 845.19412pt.
 [85 <./Resources/ARDUINO-UNO.pdf>]
<Resources/ARDUINO-UNO.pdf, id=420, page=3, 597.23125pt x 845.1575pt>
File: Resources/ARDUINO-UNO.pdf Graphic file (type pdf)

<use Resources/ARDUINO-UNO.pdf, page 3>
Package pdftex.def Info: Resources/ARDUINO-UNO.pdf, page3 used on input line 5.

(pdftex.def)             Requested size: 597.25711pt x 845.19412pt.
File: Resources/ARDUINO-UNO.pdf Graphic file (type pdf)

<use Resources/ARDUINO-UNO.pdf, page 3>
Package pdftex.def Info: Resources/ARDUINO-UNO.pdf, page3 used on input line 5.

(pdftex.def)             Requested size: 597.25711pt x 845.19412pt.
File: Resources/ARDUINO-UNO.pdf Graphic file (type pdf)

<use Resources/ARDUINO-UNO.pdf, page 3>
Package pdftex.def Info: Resources/ARDUINO-UNO.pdf, page3 used on input line 5.

(pdftex.def)             Requested size: 597.25711pt x 845.19412pt.
 [86 <./Resources/ARDUINO-UNO.pdf>]
<Resources/ARDUINO-UNO.pdf, id=425, page=4, 597.23125pt x 845.1575pt>
File: Resources/ARDUINO-UNO.pdf Graphic file (type pdf)

<use Resources/ARDUINO-UNO.pdf, page 4>
Package pdftex.def Info: Resources/ARDUINO-UNO.pdf, page4 used on input line 5.

(pdftex.def)             Requested size: 597.25711pt x 845.19412pt.
File: Resources/ARDUINO-UNO.pdf Graphic file (type pdf)

<use Resources/ARDUINO-UNO.pdf, page 4>
Package pdftex.def Info: Resources/ARDUINO-UNO.pdf, page4 used on input line 5.

(pdftex.def)             Requested size: 597.25711pt x 845.19412pt.
File: Resources/ARDUINO-UNO.pdf Graphic file (type pdf)

<use Resources/ARDUINO-UNO.pdf, page 4>
Package pdftex.def Info: Resources/ARDUINO-UNO.pdf, page4 used on input line 5.

(pdftex.def)             Requested size: 597.25711pt x 845.19412pt.
 [87 <./Resources/ARDUINO-UNO.pdf>]
<Resources/ARDUINO-UNO.pdf, id=430, page=5, 597.23125pt x 845.1575pt>
File: Resources/ARDUINO-UNO.pdf Graphic file (type pdf)

<use Resources/ARDUINO-UNO.pdf, page 5>
Package pdftex.def Info: Resources/ARDUINO-UNO.pdf, page5 used on input line 5.

(pdftex.def)             Requested size: 597.25711pt x 845.19412pt.
File: Resources/ARDUINO-UNO.pdf Graphic file (type pdf)

<use Resources/ARDUINO-UNO.pdf, page 5>
Package pdftex.def Info: Resources/ARDUINO-UNO.pdf, page5 used on input line 5.

(pdftex.def)             Requested size: 597.25711pt x 845.19412pt.
File: Resources/ARDUINO-UNO.pdf Graphic file (type pdf)

<use Resources/ARDUINO-UNO.pdf, page 5>
Package pdftex.def Info: Resources/ARDUINO-UNO.pdf, page5 used on input line 5.

(pdftex.def)             Requested size: 597.25711pt x 845.19412pt.
 [88 <./Resources/ARDUINO-UNO.pdf>]
<Resources/ARDUINO-UNO.pdf, id=435, page=6, 597.23125pt x 845.1575pt>
File: Resources/ARDUINO-UNO.pdf Graphic file (type pdf)

<use Resources/ARDUINO-UNO.pdf, page 6>
Package pdftex.def Info: Resources/ARDUINO-UNO.pdf, page6 used on input line 5.

(pdftex.def)             Requested size: 597.25711pt x 845.19412pt.
File: Resources/ARDUINO-UNO.pdf Graphic file (type pdf)

<use Resources/ARDUINO-UNO.pdf, page 6>
Package pdftex.def Info: Resources/ARDUINO-UNO.pdf, page6 used on input line 5.

(pdftex.def)             Requested size: 597.25711pt x 845.19412pt.
File: Resources/ARDUINO-UNO.pdf Graphic file (type pdf)

<use Resources/ARDUINO-UNO.pdf, page 6>
Package pdftex.def Info: Resources/ARDUINO-UNO.pdf, page6 used on input line 5.

(pdftex.def)             Requested size: 597.25711pt x 845.19412pt.
 [89 <./Resources/ARDUINO-UNO.pdf>]
<Resources/ARDUINO-UNO.pdf, id=440, page=7, 597.23125pt x 845.1575pt>
File: Resources/ARDUINO-UNO.pdf Graphic file (type pdf)

<use Resources/ARDUINO-UNO.pdf, page 7>
Package pdftex.def Info: Resources/ARDUINO-UNO.pdf, page7 used on input line 5.

(pdftex.def)             Requested size: 597.25711pt x 845.19412pt.
File: Resources/ARDUINO-UNO.pdf Graphic file (type pdf)

<use Resources/ARDUINO-UNO.pdf, page 7>
Package pdftex.def Info: Resources/ARDUINO-UNO.pdf, page7 used on input line 5.

(pdftex.def)             Requested size: 597.25711pt x 845.19412pt.
File: Resources/ARDUINO-UNO.pdf Graphic file (type pdf)

<use Resources/ARDUINO-UNO.pdf, page 7>
Package pdftex.def Info: Resources/ARDUINO-UNO.pdf, page7 used on input line 5.

(pdftex.def)             Requested size: 597.25711pt x 845.19412pt.
 [90 <./Resources/ARDUINO-UNO.pdf>]
<Resources/ARDUINO-UNO.pdf, id=445, page=8, 597.23125pt x 845.1575pt>
File: Resources/ARDUINO-UNO.pdf Graphic file (type pdf)

<use Resources/ARDUINO-UNO.pdf, page 8>
Package pdftex.def Info: Resources/ARDUINO-UNO.pdf, page8 used on input line 5.

(pdftex.def)             Requested size: 597.25711pt x 845.19412pt.
File: Resources/ARDUINO-UNO.pdf Graphic file (type pdf)

<use Resources/ARDUINO-UNO.pdf, page 8>
Package pdftex.def Info: Resources/ARDUINO-UNO.pdf, page8 used on input line 5.

(pdftex.def)             Requested size: 597.25711pt x 845.19412pt.
File: Resources/ARDUINO-UNO.pdf Graphic file (type pdf)

<use Resources/ARDUINO-UNO.pdf, page 8>
Package pdftex.def Info: Resources/ARDUINO-UNO.pdf, page8 used on input line 5.

(pdftex.def)             Requested size: 597.25711pt x 845.19412pt.
 [91 <./Resources/ARDUINO-UNO.pdf>]
Anexo II.
<Resources/HC-05.pdf, id=451, 597.55246pt x 845.07718pt>
File: Resources/HC-05.pdf Graphic file (type pdf)

<use Resources/HC-05.pdf>
Package pdftex.def Info: Resources/HC-05.pdf used on input line 12.
(pdftex.def)             Requested size: 597.551pt x 845.07512pt.
File: Resources/HC-05.pdf Graphic file (type pdf)
 <use Resources/HC-05.pdf>
Package pdftex.def Info: Resources/HC-05.pdf used on input line 12.
(pdftex.def)             Requested size: 597.551pt x 845.07512pt.


Package Fancyhdr Warning: \headheight is too small (12.0pt): 
 Make it at least 13.59999pt.
 We now make it that large for the rest of the document.
 This may cause the page layout to be inconsistent, however.

[92

] <Resources/HC-05.pdf, id=457, page=1, 597.55246pt x 845.07718pt>
File: Resources/HC-05.pdf Graphic file (type pdf)

<use Resources/HC-05.pdf, page 1>
Package pdftex.def Info: Resources/HC-05.pdf, page1 used on input line 12.
(pdftex.def)             Requested size: 597.551pt x 845.07512pt.
File: Resources/HC-05.pdf Graphic file (type pdf)
 <use Resources/HC-05.pdf, page 1>
Package pdftex.def Info: Resources/HC-05.pdf, page1 used on input line 12.
(pdftex.def)             Requested size: 597.57834pt x 845.1138pt.
File: Resources/HC-05.pdf Graphic file (type pdf)

<use Resources/HC-05.pdf, page 1>
Package pdftex.def Info: Resources/HC-05.pdf, page1 used on input line 12.
(pdftex.def)             Requested size: 597.57834pt x 845.1138pt.
File: Resources/HC-05.pdf Graphic file (type pdf)
 <use Resources/HC-05.pdf, page 1>
Package pdftex.def Info: Resources/HC-05.pdf, page1 used on input line 12.
(pdftex.def)             Requested size: 597.57834pt x 845.1138pt.
File: Resources/HC-05.pdf Graphic file (type pdf)

<use Resources/HC-05.pdf, page 1>
Package pdftex.def Info: Resources/HC-05.pdf, page1 used on input line 12.
(pdftex.def)             Requested size: 597.57834pt x 845.1138pt.
 [93 <./Resources/HC-05.pdf>]
<Resources/HC-05.pdf, id=488, page=2, 597.55246pt x 845.07718pt>
File: Resources/HC-05.pdf Graphic file (type pdf)

<use Resources/HC-05.pdf, page 2>
Package pdftex.def Info: Resources/HC-05.pdf, page2 used on input line 12.
(pdftex.def)             Requested size: 597.57834pt x 845.1138pt.
File: Resources/HC-05.pdf Graphic file (type pdf)
 <use Resources/HC-05.pdf, page 2>
Package pdftex.def Info: Resources/HC-05.pdf, page2 used on input line 12.
(pdftex.def)             Requested size: 597.57834pt x 845.1138pt.
File: Resources/HC-05.pdf Graphic file (type pdf)

<use Resources/HC-05.pdf, page 2>
Package pdftex.def Info: Resources/HC-05.pdf, page2 used on input line 12.
(pdftex.def)             Requested size: 597.57834pt x 845.1138pt.
 [94 <./Resources/HC-05.pdf>]
<Resources/HC-05.pdf, id=503, page=3, 597.55246pt x 845.07718pt>
File: Resources/HC-05.pdf Graphic file (type pdf)

<use Resources/HC-05.pdf, page 3>
Package pdftex.def Info: Resources/HC-05.pdf, page3 used on input line 12.
(pdftex.def)             Requested size: 597.57834pt x 845.1138pt.
File: Resources/HC-05.pdf Graphic file (type pdf)
 <use Resources/HC-05.pdf, page 3>
Package pdftex.def Info: Resources/HC-05.pdf, page3 used on input line 12.
(pdftex.def)             Requested size: 597.57834pt x 845.1138pt.
File: Resources/HC-05.pdf Graphic file (type pdf)

<use Resources/HC-05.pdf, page 3>
Package pdftex.def Info: Resources/HC-05.pdf, page3 used on input line 12.
(pdftex.def)             Requested size: 597.57834pt x 845.1138pt.
 [95 <./Resources/HC-05.pdf>]
<Resources/HC-05.pdf, id=510, page=4, 597.55246pt x 845.07718pt>
File: Resources/HC-05.pdf Graphic file (type pdf)

<use Resources/HC-05.pdf, page 4>
Package pdftex.def Info: Resources/HC-05.pdf, page4 used on input line 12.
(pdftex.def)             Requested size: 597.57834pt x 845.1138pt.
File: Resources/HC-05.pdf Graphic file (type pdf)
 <use Resources/HC-05.pdf, page 4>
Package pdftex.def Info: Resources/HC-05.pdf, page4 used on input line 12.
(pdftex.def)             Requested size: 597.57834pt x 845.1138pt.
File: Resources/HC-05.pdf Graphic file (type pdf)

<use Resources/HC-05.pdf, page 4>
Package pdftex.def Info: Resources/HC-05.pdf, page4 used on input line 12.
(pdftex.def)             Requested size: 597.57834pt x 845.1138pt.
 [96 <./Resources/HC-05.pdf>]
<Resources/HC-05.pdf, id=517, page=5, 597.55246pt x 845.07718pt>
File: Resources/HC-05.pdf Graphic file (type pdf)

<use Resources/HC-05.pdf, page 5>
Package pdftex.def Info: Resources/HC-05.pdf, page5 used on input line 12.
(pdftex.def)             Requested size: 597.57834pt x 845.1138pt.
File: Resources/HC-05.pdf Graphic file (type pdf)
 <use Resources/HC-05.pdf, page 5>
Package pdftex.def Info: Resources/HC-05.pdf, page5 used on input line 12.
(pdftex.def)             Requested size: 597.57834pt x 845.1138pt.
File: Resources/HC-05.pdf Graphic file (type pdf)

<use Resources/HC-05.pdf, page 5>
Package pdftex.def Info: Resources/HC-05.pdf, page5 used on input line 12.
(pdftex.def)             Requested size: 597.57834pt x 845.1138pt.
 [97 <./Resources/HC-05.pdf>]
<Resources/HC-05.pdf, id=524, page=6, 597.55246pt x 845.07718pt>
File: Resources/HC-05.pdf Graphic file (type pdf)

<use Resources/HC-05.pdf, page 6>
Package pdftex.def Info: Resources/HC-05.pdf, page6 used on input line 12.
(pdftex.def)             Requested size: 597.57834pt x 845.1138pt.
File: Resources/HC-05.pdf Graphic file (type pdf)
 <use Resources/HC-05.pdf, page 6>
Package pdftex.def Info: Resources/HC-05.pdf, page6 used on input line 12.
(pdftex.def)             Requested size: 597.57834pt x 845.1138pt.
File: Resources/HC-05.pdf Graphic file (type pdf)

<use Resources/HC-05.pdf, page 6>
Package pdftex.def Info: Resources/HC-05.pdf, page6 used on input line 12.
(pdftex.def)             Requested size: 597.57834pt x 845.1138pt.
 [98 <./Resources/HC-05.pdf>]
<Resources/HC-05.pdf, id=537, page=7, 597.55246pt x 845.07718pt>
File: Resources/HC-05.pdf Graphic file (type pdf)

<use Resources/HC-05.pdf, page 7>
Package pdftex.def Info: Resources/HC-05.pdf, page7 used on input line 12.
(pdftex.def)             Requested size: 597.57834pt x 845.1138pt.
File: Resources/HC-05.pdf Graphic file (type pdf)
 <use Resources/HC-05.pdf, page 7>
Package pdftex.def Info: Resources/HC-05.pdf, page7 used on input line 12.
(pdftex.def)             Requested size: 597.57834pt x 845.1138pt.
File: Resources/HC-05.pdf Graphic file (type pdf)

<use Resources/HC-05.pdf, page 7>
Package pdftex.def Info: Resources/HC-05.pdf, page7 used on input line 12.
(pdftex.def)             Requested size: 597.57834pt x 845.1138pt.
 [99 <./Resources/HC-05.pdf>]
<Resources/HC-05.pdf, id=542, page=8, 597.55246pt x 845.07718pt>
File: Resources/HC-05.pdf Graphic file (type pdf)

<use Resources/HC-05.pdf, page 8>
Package pdftex.def Info: Resources/HC-05.pdf, page8 used on input line 12.
(pdftex.def)             Requested size: 597.57834pt x 845.1138pt.
File: Resources/HC-05.pdf Graphic file (type pdf)
 <use Resources/HC-05.pdf, page 8>
Package pdftex.def Info: Resources/HC-05.pdf, page8 used on input line 12.
(pdftex.def)             Requested size: 597.57834pt x 845.1138pt.
File: Resources/HC-05.pdf Graphic file (type pdf)

<use Resources/HC-05.pdf, page 8>
Package pdftex.def Info: Resources/HC-05.pdf, page8 used on input line 12.
(pdftex.def)             Requested size: 597.57834pt x 845.1138pt.
 [100 <./Resources/HC-05.pdf>]
<Resources/HC-05.pdf, id=547, page=9, 597.55246pt x 845.07718pt>
File: Resources/HC-05.pdf Graphic file (type pdf)

<use Resources/HC-05.pdf, page 9>
Package pdftex.def Info: Resources/HC-05.pdf, page9 used on input line 12.
(pdftex.def)             Requested size: 597.57834pt x 845.1138pt.
File: Resources/HC-05.pdf Graphic file (type pdf)
 <use Resources/HC-05.pdf, page 9>
Package pdftex.def Info: Resources/HC-05.pdf, page9 used on input line 12.
(pdftex.def)             Requested size: 597.57834pt x 845.1138pt.
File: Resources/HC-05.pdf Graphic file (type pdf)

<use Resources/HC-05.pdf, page 9>
Package pdftex.def Info: Resources/HC-05.pdf, page9 used on input line 12.
(pdftex.def)             Requested size: 597.57834pt x 845.1138pt.
 [101 <./Resources/HC-05.pdf>]
<Resources/HC-05.pdf, id=552, page=10, 597.55246pt x 845.07718pt>
File: Resources/HC-05.pdf Graphic file (type pdf)

<use Resources/HC-05.pdf, page 10>
Package pdftex.def Info: Resources/HC-05.pdf, page10 used on input line 12.
(pdftex.def)             Requested size: 597.57834pt x 845.1138pt.
File: Resources/HC-05.pdf Graphic file (type pdf)
 <use Resources/HC-05.pdf, page 10>
Package pdftex.def Info: Resources/HC-05.pdf, page10 used on input line 12.
(pdftex.def)             Requested size: 597.57834pt x 845.1138pt.
File: Resources/HC-05.pdf Graphic file (type pdf)

<use Resources/HC-05.pdf, page 10>
Package pdftex.def Info: Resources/HC-05.pdf, page10 used on input line 12.
(pdftex.def)             Requested size: 597.57834pt x 845.1138pt.
 [102 <./Resources/HC-05.pdf>]
<Resources/HC-05.pdf, id=557, page=11, 597.55246pt x 845.07718pt>
File: Resources/HC-05.pdf Graphic file (type pdf)

<use Resources/HC-05.pdf, page 11>
Package pdftex.def Info: Resources/HC-05.pdf, page11 used on input line 12.
(pdftex.def)             Requested size: 597.57834pt x 845.1138pt.
File: Resources/HC-05.pdf Graphic file (type pdf)
 <use Resources/HC-05.pdf, page 11>
Package pdftex.def Info: Resources/HC-05.pdf, page11 used on input line 12.
(pdftex.def)             Requested size: 597.57834pt x 845.1138pt.
File: Resources/HC-05.pdf Graphic file (type pdf)

<use Resources/HC-05.pdf, page 11>
Package pdftex.def Info: Resources/HC-05.pdf, page11 used on input line 12.
(pdftex.def)             Requested size: 597.57834pt x 845.1138pt.
 [103 <./Resources/HC-05.pdf>]
<Resources/HC-05.pdf, id=563, page=12, 597.55246pt x 845.07718pt>
File: Resources/HC-05.pdf Graphic file (type pdf)

<use Resources/HC-05.pdf, page 12>
Package pdftex.def Info: Resources/HC-05.pdf, page12 used on input line 12.
(pdftex.def)             Requested size: 597.57834pt x 845.1138pt.
File: Resources/HC-05.pdf Graphic file (type pdf)
 <use Resources/HC-05.pdf, page 12>
Package pdftex.def Info: Resources/HC-05.pdf, page12 used on input line 12.
(pdftex.def)             Requested size: 597.57834pt x 845.1138pt.
File: Resources/HC-05.pdf Graphic file (type pdf)

<use Resources/HC-05.pdf, page 12>
Package pdftex.def Info: Resources/HC-05.pdf, page12 used on input line 12.
(pdftex.def)             Requested size: 597.57834pt x 845.1138pt.
 [104 <./Resources/HC-05.pdf>]
<Resources/HC-05.pdf, id=568, page=13, 597.55246pt x 845.07718pt>
File: Resources/HC-05.pdf Graphic file (type pdf)

<use Resources/HC-05.pdf, page 13>
Package pdftex.def Info: Resources/HC-05.pdf, page13 used on input line 12.
(pdftex.def)             Requested size: 597.57834pt x 845.1138pt.
File: Resources/HC-05.pdf Graphic file (type pdf)
 <use Resources/HC-05.pdf, page 13>
Package pdftex.def Info: Resources/HC-05.pdf, page13 used on input line 12.
(pdftex.def)             Requested size: 597.57834pt x 845.1138pt.
File: Resources/HC-05.pdf Graphic file (type pdf)

<use Resources/HC-05.pdf, page 13>
Package pdftex.def Info: Resources/HC-05.pdf, page13 used on input line 12.
(pdftex.def)             Requested size: 597.57834pt x 845.1138pt.
 [105 <./Resources/HC-05.pdf>]
Anexo III.
<Resources/HCSR04.pdf, id=577, 597.23125pt x 845.1575pt>
File: Resources/HCSR04.pdf Graphic file (type pdf)

<use Resources/HCSR04.pdf>
Package pdftex.def Info: Resources/HCSR04.pdf used on input line 18.
(pdftex.def)             Requested size: 597.22978pt x 845.15544pt.
File: Resources/HCSR04.pdf Graphic file (type pdf)
 <use Resources/HCSR04.pdf>
Package pdftex.def Info: Resources/HCSR04.pdf used on input line 18.
(pdftex.def)             Requested size: 597.22978pt x 845.15544pt.


Package Fancyhdr Warning: \headheight is too small (12.0pt): 
 Make it at least 13.59999pt.
 We now make it that large for the rest of the document.
 This may cause the page layout to be inconsistent, however.

[106

] <Resources/HCSR04.pdf, id=583, page=1, 597.23125pt x 845.1575pt>
File: Resources/HCSR04.pdf Graphic file (type pdf)

<use Resources/HCSR04.pdf, page 1>
Package pdftex.def Info: Resources/HCSR04.pdf, page1 used on input line 18.
(pdftex.def)             Requested size: 597.22978pt x 845.15544pt.
File: Resources/HCSR04.pdf Graphic file (type pdf)
 <use Resources/HCSR04.pdf, page 1>
Package pdftex.def Info: Resources/HCSR04.pdf, page1 used on input line 18.
(pdftex.def)             Requested size: 597.25711pt x 845.19412pt.
File: Resources/HCSR04.pdf Graphic file (type pdf)

<use Resources/HCSR04.pdf, page 1>
Package pdftex.def Info: Resources/HCSR04.pdf, page1 used on input line 18.
(pdftex.def)             Requested size: 597.25711pt x 845.19412pt.
File: Resources/HCSR04.pdf Graphic file (type pdf)
 <use Resources/HCSR04.pdf, page 1>
Package pdftex.def Info: Resources/HCSR04.pdf, page1 used on input line 18.
(pdftex.def)             Requested size: 597.25711pt x 845.19412pt.
File: Resources/HCSR04.pdf Graphic file (type pdf)

<use Resources/HCSR04.pdf, page 1>
Package pdftex.def Info: Resources/HCSR04.pdf, page1 used on input line 18.
(pdftex.def)             Requested size: 597.25711pt x 845.19412pt.
 [107 <./Resources/HCSR04.pdf>]
<Resources/HCSR04.pdf, id=606, page=2, 597.23125pt x 845.1575pt>
File: Resources/HCSR04.pdf Graphic file (type pdf)

<use Resources/HCSR04.pdf, page 2>
Package pdftex.def Info: Resources/HCSR04.pdf, page2 used on input line 18.
(pdftex.def)             Requested size: 597.25711pt x 845.19412pt.
File: Resources/HCSR04.pdf Graphic file (type pdf)
 <use Resources/HCSR04.pdf, page 2>
Package pdftex.def Info: Resources/HCSR04.pdf, page2 used on input line 18.
(pdftex.def)             Requested size: 597.25711pt x 845.19412pt.
File: Resources/HCSR04.pdf Graphic file (type pdf)

<use Resources/HCSR04.pdf, page 2>
Package pdftex.def Info: Resources/HCSR04.pdf, page2 used on input line 18.
(pdftex.def)             Requested size: 597.25711pt x 845.19412pt.
 [108 <./Resources/HCSR04.pdf>]
<Resources/HCSR04.pdf, id=612, page=3, 597.23125pt x 845.1575pt>
File: Resources/HCSR04.pdf Graphic file (type pdf)

<use Resources/HCSR04.pdf, page 3>
Package pdftex.def Info: Resources/HCSR04.pdf, page3 used on input line 18.
(pdftex.def)             Requested size: 597.25711pt x 845.19412pt.
File: Resources/HCSR04.pdf Graphic file (type pdf)
 <use Resources/HCSR04.pdf, page 3>
Package pdftex.def Info: Resources/HCSR04.pdf, page3 used on input line 18.
(pdftex.def)             Requested size: 597.25711pt x 845.19412pt.
File: Resources/HCSR04.pdf Graphic file (type pdf)

<use Resources/HCSR04.pdf, page 3>
Package pdftex.def Info: Resources/HCSR04.pdf, page3 used on input line 18.
(pdftex.def)             Requested size: 597.25711pt x 845.19412pt.
 [109 <./Resources/HCSR04.pdf>])
(./TCCmain.aux)

LaTeX Warning: There were undefined references.


LaTeX Warning: There were multiply-defined labels.

 ) 
Here is how much of TeX's memory you used:
 23722 strings out of 495001
 430475 string characters out of 6180681
 530595 words of memory out of 5000000
 26346 multiletter control sequences out of 15000+600000
 80861 words of font info for 118 fonts, out of 8000000 for 9000
 16 hyphenation exceptions out of 8191
 61i,18n,85p,1325b,1871s stack positions out of 5000i,500n,10000p,200000b,80000s
{/usr/share/texlive/texmf-dist/fonts/enc/dvips/base/8r.enc}</usr/share/texliv
e/texmf-dist/fonts/type1/public/amsfonts/cm/cmr10.pfb></usr/share/texlive/texmf
-dist/fonts/type1/public/amsfonts/cm/cmsy10.pfb></usr/share/texlive/texmf-dist/
fonts/type1/urw/courier/ucrb8a.pfb></usr/share/texlive/texmf-dist/fonts/type1/u
rw/courier/ucrr8a.pfb></usr/share/texlive/texmf-dist/fonts/type1/urw/helvetic/u
hvb8a.pfb></usr/share/texlive/texmf-dist/fonts/type1/urw/helvetic/uhvr8a.pfb></
usr/share/texlive/texmf-dist/fonts/type1/urw/helvetic/uhvro8a.pfb></usr/share/t
exlive/texmf-dist/fonts/type1/urw/symbol/usyr.pfb></usr/share/texlive/texmf-dis
t/fonts/type1/urw/times/utmri8a.pfb>
Output written on TCCmain.pdf (109 pages, 14783586 bytes).
PDF statistics:
 652 PDF objects out of 1000 (max. 8388607)
 373 compressed objects within 4 object streams
 0 named destinations out of 1000 (max. 500000)
 348 words of extra memory for PDF output out of 10000 (max. 10000000)

